ARM GAS  C:\Users\Simon\AppData\Local\Temp\cckNKhym.s 			page 1


   1              		.cpu cortex-m7
   2              		.arch armv7e-m
   3              		.fpu fpv5-d16
   4              		.eabi_attribute 28, 1
   5              		.eabi_attribute 20, 1
   6              		.eabi_attribute 21, 1
   7              		.eabi_attribute 23, 3
   8              		.eabi_attribute 24, 1
   9              		.eabi_attribute 25, 1
  10              		.eabi_attribute 26, 1
  11              		.eabi_attribute 30, 2
  12              		.eabi_attribute 34, 1
  13              		.eabi_attribute 18, 4
  14              		.file	"freertos.c"
  15              		.text
  16              	.Ltext0:
  17              		.cfi_sections	.debug_frame
  18              		.section	.text.StartDefaultTask,"ax",%progbits
  19              		.align	1
  20              		.p2align 2,,3
  21              		.global	StartDefaultTask
  22              		.syntax unified
  23              		.thumb
  24              		.thumb_func
  26              	StartDefaultTask:
  27              	.LFB152:
  28              		.file 1 "Core/Src/freertos.c"
   1:Core/Src/freertos.c **** /* USER CODE BEGIN Header */
   2:Core/Src/freertos.c **** /**
   3:Core/Src/freertos.c ****   ******************************************************************************
   4:Core/Src/freertos.c ****   * File Name          : freertos.c
   5:Core/Src/freertos.c ****   * Description        : Code for freertos applications
   6:Core/Src/freertos.c ****   ******************************************************************************
   7:Core/Src/freertos.c ****   * @attention
   8:Core/Src/freertos.c ****   *
   9:Core/Src/freertos.c ****   * Copyright (c) 2022 STMicroelectronics.
  10:Core/Src/freertos.c ****   * All rights reserved.
  11:Core/Src/freertos.c ****   *
  12:Core/Src/freertos.c ****   * This software is licensed under terms that can be found in the LICENSE file
  13:Core/Src/freertos.c ****   * in the root directory of this software component.
  14:Core/Src/freertos.c ****   * If no LICENSE file comes with this software, it is provided AS-IS.
  15:Core/Src/freertos.c ****   *
  16:Core/Src/freertos.c ****   ******************************************************************************
  17:Core/Src/freertos.c ****   */
  18:Core/Src/freertos.c **** /* USER CODE END Header */
  19:Core/Src/freertos.c **** 
  20:Core/Src/freertos.c **** /* Includes ------------------------------------------------------------------*/
  21:Core/Src/freertos.c **** #include "FreeRTOS.h"
  22:Core/Src/freertos.c **** #include "task.h"
  23:Core/Src/freertos.c **** #include "main.h"
  24:Core/Src/freertos.c **** #include "cmsis_os.h"
  25:Core/Src/freertos.c **** 
  26:Core/Src/freertos.c **** /* Private includes ----------------------------------------------------------*/
  27:Core/Src/freertos.c **** /* USER CODE BEGIN Includes */
  28:Core/Src/freertos.c **** 
  29:Core/Src/freertos.c **** /* USER CODE END Includes */
  30:Core/Src/freertos.c **** 
ARM GAS  C:\Users\Simon\AppData\Local\Temp\cckNKhym.s 			page 2


  31:Core/Src/freertos.c **** /* Private typedef -----------------------------------------------------------*/
  32:Core/Src/freertos.c **** /* USER CODE BEGIN PTD */
  33:Core/Src/freertos.c **** 
  34:Core/Src/freertos.c **** /* USER CODE END PTD */
  35:Core/Src/freertos.c **** 
  36:Core/Src/freertos.c **** /* Private define ------------------------------------------------------------*/
  37:Core/Src/freertos.c **** /* USER CODE BEGIN PD */
  38:Core/Src/freertos.c **** 
  39:Core/Src/freertos.c **** /* USER CODE END PD */
  40:Core/Src/freertos.c **** 
  41:Core/Src/freertos.c **** /* Private macro -------------------------------------------------------------*/
  42:Core/Src/freertos.c **** /* USER CODE BEGIN PM */
  43:Core/Src/freertos.c **** 
  44:Core/Src/freertos.c **** /* USER CODE END PM */
  45:Core/Src/freertos.c **** 
  46:Core/Src/freertos.c **** /* Private variables ---------------------------------------------------------*/
  47:Core/Src/freertos.c **** /* USER CODE BEGIN Variables */
  48:Core/Src/freertos.c **** 
  49:Core/Src/freertos.c **** /* USER CODE END Variables */
  50:Core/Src/freertos.c **** /* Definitions for defaultTask */
  51:Core/Src/freertos.c **** osThreadId_t defaultTaskHandle;
  52:Core/Src/freertos.c **** const osThreadAttr_t defaultTask_attributes = {
  53:Core/Src/freertos.c ****   .name = "defaultTask",
  54:Core/Src/freertos.c ****   .stack_size = 128 * 4,
  55:Core/Src/freertos.c ****   .priority = (osPriority_t) osPriorityNormal,
  56:Core/Src/freertos.c **** };
  57:Core/Src/freertos.c **** 
  58:Core/Src/freertos.c **** /* Private function prototypes -----------------------------------------------*/
  59:Core/Src/freertos.c **** /* USER CODE BEGIN FunctionPrototypes */
  60:Core/Src/freertos.c **** 
  61:Core/Src/freertos.c **** /* USER CODE END FunctionPrototypes */
  62:Core/Src/freertos.c **** 
  63:Core/Src/freertos.c **** void StartDefaultTask(void *argument);
  64:Core/Src/freertos.c **** 
  65:Core/Src/freertos.c **** void MX_FREERTOS_Init(void); /* (MISRA C 2004 rule 8.1) */
  66:Core/Src/freertos.c **** 
  67:Core/Src/freertos.c **** /* Hook prototypes */
  68:Core/Src/freertos.c **** void configureTimerForRunTimeStats(void);
  69:Core/Src/freertos.c **** unsigned long getRunTimeCounterValue(void);
  70:Core/Src/freertos.c **** void vApplicationStackOverflowHook(xTaskHandle xTask, signed char *pcTaskName);
  71:Core/Src/freertos.c **** 
  72:Core/Src/freertos.c **** /* USER CODE BEGIN 1 */
  73:Core/Src/freertos.c **** /* Functions needed when configGENERATE_RUN_TIME_STATS is on */
  74:Core/Src/freertos.c **** __weak void configureTimerForRunTimeStats(void)
  75:Core/Src/freertos.c **** {
  76:Core/Src/freertos.c **** 
  77:Core/Src/freertos.c **** }
  78:Core/Src/freertos.c **** 
  79:Core/Src/freertos.c **** __weak unsigned long getRunTimeCounterValue(void)
  80:Core/Src/freertos.c **** {
  81:Core/Src/freertos.c **** return 0;
  82:Core/Src/freertos.c **** }
  83:Core/Src/freertos.c **** /* USER CODE END 1 */
  84:Core/Src/freertos.c **** 
  85:Core/Src/freertos.c **** /* USER CODE BEGIN 4 */
  86:Core/Src/freertos.c **** void vApplicationStackOverflowHook(xTaskHandle xTask, signed char *pcTaskName)
  87:Core/Src/freertos.c **** {
ARM GAS  C:\Users\Simon\AppData\Local\Temp\cckNKhym.s 			page 3


  88:Core/Src/freertos.c ****    /* Run time stack overflow checking is performed if
  89:Core/Src/freertos.c ****    configCHECK_FOR_STACK_OVERFLOW is defined to 1 or 2. This hook function is
  90:Core/Src/freertos.c ****    called if a stack overflow is detected. */
  91:Core/Src/freertos.c **** }
  92:Core/Src/freertos.c **** /* USER CODE END 4 */
  93:Core/Src/freertos.c **** 
  94:Core/Src/freertos.c **** /**
  95:Core/Src/freertos.c ****   * @brief  FreeRTOS initialization
  96:Core/Src/freertos.c ****   * @param  None
  97:Core/Src/freertos.c ****   * @retval None
  98:Core/Src/freertos.c ****   */
  99:Core/Src/freertos.c **** void MX_FREERTOS_Init(void) {
 100:Core/Src/freertos.c ****   /* USER CODE BEGIN Init */
 101:Core/Src/freertos.c **** 
 102:Core/Src/freertos.c ****   /* USER CODE END Init */
 103:Core/Src/freertos.c **** 
 104:Core/Src/freertos.c ****   /* USER CODE BEGIN RTOS_MUTEX */
 105:Core/Src/freertos.c ****   /* add mutexes, ... */
 106:Core/Src/freertos.c ****   /* USER CODE END RTOS_MUTEX */
 107:Core/Src/freertos.c **** 
 108:Core/Src/freertos.c ****   /* USER CODE BEGIN RTOS_SEMAPHORES */
 109:Core/Src/freertos.c ****   /* add semaphores, ... */
 110:Core/Src/freertos.c ****   /* USER CODE END RTOS_SEMAPHORES */
 111:Core/Src/freertos.c **** 
 112:Core/Src/freertos.c ****   /* USER CODE BEGIN RTOS_TIMERS */
 113:Core/Src/freertos.c ****   /* start timers, add new ones, ... */
 114:Core/Src/freertos.c ****   /* USER CODE END RTOS_TIMERS */
 115:Core/Src/freertos.c **** 
 116:Core/Src/freertos.c ****   /* USER CODE BEGIN RTOS_QUEUES */
 117:Core/Src/freertos.c ****   /* add queues, ... */
 118:Core/Src/freertos.c ****   /* USER CODE END RTOS_QUEUES */
 119:Core/Src/freertos.c **** 
 120:Core/Src/freertos.c ****   /* Create the thread(s) */
 121:Core/Src/freertos.c ****   /* creation of defaultTask */
 122:Core/Src/freertos.c ****   defaultTaskHandle = osThreadNew(StartDefaultTask, NULL, &defaultTask_attributes);
 123:Core/Src/freertos.c **** 
 124:Core/Src/freertos.c ****   /* USER CODE BEGIN RTOS_THREADS */
 125:Core/Src/freertos.c ****   /* add threads, ... */
 126:Core/Src/freertos.c ****   /* USER CODE END RTOS_THREADS */
 127:Core/Src/freertos.c **** 
 128:Core/Src/freertos.c ****   /* USER CODE BEGIN RTOS_EVENTS */
 129:Core/Src/freertos.c ****   /* add events, ... */
 130:Core/Src/freertos.c ****   /* USER CODE END RTOS_EVENTS */
 131:Core/Src/freertos.c **** 
 132:Core/Src/freertos.c **** }
 133:Core/Src/freertos.c **** 
 134:Core/Src/freertos.c **** /* USER CODE BEGIN Header_StartDefaultTask */
 135:Core/Src/freertos.c **** /**
 136:Core/Src/freertos.c ****   * @brief  Function implementing the defaultTask thread.
 137:Core/Src/freertos.c ****   * @param  argument: Not used
 138:Core/Src/freertos.c ****   * @retval None
 139:Core/Src/freertos.c ****   */
 140:Core/Src/freertos.c **** /* USER CODE END Header_StartDefaultTask */
 141:Core/Src/freertos.c **** void StartDefaultTask(void *argument)
 142:Core/Src/freertos.c **** {
  29              		.loc 1 142 1 view -0
  30              		.cfi_startproc
ARM GAS  C:\Users\Simon\AppData\Local\Temp\cckNKhym.s 			page 4


  31              		@ Volatile: function does not return.
  32              		@ args = 0, pretend = 0, frame = 0
  33              		@ frame_needed = 0, uses_anonymous_args = 0
  34              	.LVL0:
  35              		.loc 1 142 1 is_stmt 0 view .LVU1
  36 0000 08B5     		push	{r3, lr}
  37              	.LCFI0:
  38              		.cfi_def_cfa_offset 8
  39              		.cfi_offset 3, -8
  40              		.cfi_offset 14, -4
  41              	.LVL1:
  42              	.L2:
 143:Core/Src/freertos.c ****   /* USER CODE BEGIN StartDefaultTask */
 144:Core/Src/freertos.c ****   /* Infinite loop */
 145:Core/Src/freertos.c ****   for(;;)
  43              		.loc 1 145 3 is_stmt 1 discriminator 1 view .LVU2
 146:Core/Src/freertos.c ****   {
 147:Core/Src/freertos.c ****     osDelay(1);
  44              		.loc 1 147 5 discriminator 1 view .LVU3
  45 0002 0120     		movs	r0, #1
  46 0004 FFF7FEFF 		bl	osDelay
  47              	.LVL2:
 145:Core/Src/freertos.c ****   {
  48              		.loc 1 145 3 discriminator 1 view .LVU4
  49 0008 FBE7     		b	.L2
  50              		.cfi_endproc
  51              	.LFE152:
  53 000a 00BF     		.section	.text.configureTimerForRunTimeStats,"ax",%progbits
  54              		.align	1
  55              		.p2align 2,,3
  56              		.weak	configureTimerForRunTimeStats
  57              		.syntax unified
  58              		.thumb
  59              		.thumb_func
  61              	configureTimerForRunTimeStats:
  62              	.LFB148:
  75:Core/Src/freertos.c **** 
  63              		.loc 1 75 1 view -0
  64              		.cfi_startproc
  65              		@ args = 0, pretend = 0, frame = 0
  66              		@ frame_needed = 0, uses_anonymous_args = 0
  67              		@ link register save eliminated.
  77:Core/Src/freertos.c **** 
  68              		.loc 1 77 1 view .LVU6
  69 0000 7047     		bx	lr
  70              		.cfi_endproc
  71              	.LFE148:
  73 0002 00BF     		.section	.text.getRunTimeCounterValue,"ax",%progbits
  74              		.align	1
  75              		.p2align 2,,3
  76              		.weak	getRunTimeCounterValue
  77              		.syntax unified
  78              		.thumb
  79              		.thumb_func
  81              	getRunTimeCounterValue:
  82              	.LFB149:
  80:Core/Src/freertos.c **** return 0;
ARM GAS  C:\Users\Simon\AppData\Local\Temp\cckNKhym.s 			page 5


  83              		.loc 1 80 1 view -0
  84              		.cfi_startproc
  85              		@ args = 0, pretend = 0, frame = 0
  86              		@ frame_needed = 0, uses_anonymous_args = 0
  87              		@ link register save eliminated.
  81:Core/Src/freertos.c **** }
  88              		.loc 1 81 1 view .LVU8
  82:Core/Src/freertos.c **** /* USER CODE END 1 */
  89              		.loc 1 82 1 is_stmt 0 view .LVU9
  90 0000 0020     		movs	r0, #0
  91 0002 7047     		bx	lr
  92              		.cfi_endproc
  93              	.LFE149:
  95              		.section	.text.vApplicationStackOverflowHook,"ax",%progbits
  96              		.align	1
  97              		.p2align 2,,3
  98              		.global	vApplicationStackOverflowHook
  99              		.syntax unified
 100              		.thumb
 101              		.thumb_func
 103              	vApplicationStackOverflowHook:
 104              	.LVL3:
 105              	.LFB150:
  87:Core/Src/freertos.c ****    /* Run time stack overflow checking is performed if
 106              		.loc 1 87 1 is_stmt 1 view -0
 107              		.cfi_startproc
 108              		@ args = 0, pretend = 0, frame = 0
 109              		@ frame_needed = 0, uses_anonymous_args = 0
 110              		@ link register save eliminated.
  91:Core/Src/freertos.c **** /* USER CODE END 4 */
 111              		.loc 1 91 1 view .LVU11
 112 0000 7047     		bx	lr
 113              		.cfi_endproc
 114              	.LFE150:
 116 0002 00BF     		.section	.text.MX_FREERTOS_Init,"ax",%progbits
 117              		.align	1
 118              		.p2align 2,,3
 119              		.global	MX_FREERTOS_Init
 120              		.syntax unified
 121              		.thumb
 122              		.thumb_func
 124              	MX_FREERTOS_Init:
 125              	.LFB151:
  99:Core/Src/freertos.c ****   /* USER CODE BEGIN Init */
 126              		.loc 1 99 29 view -0
 127              		.cfi_startproc
 128              		@ args = 0, pretend = 0, frame = 0
 129              		@ frame_needed = 0, uses_anonymous_args = 0
 122:Core/Src/freertos.c **** 
 130              		.loc 1 122 3 view .LVU13
  99:Core/Src/freertos.c ****   /* USER CODE BEGIN Init */
 131              		.loc 1 99 29 is_stmt 0 view .LVU14
 132 0000 08B5     		push	{r3, lr}
 133              	.LCFI1:
 134              		.cfi_def_cfa_offset 8
 135              		.cfi_offset 3, -8
 136              		.cfi_offset 14, -4
ARM GAS  C:\Users\Simon\AppData\Local\Temp\cckNKhym.s 			page 6


 122:Core/Src/freertos.c **** 
 137              		.loc 1 122 23 view .LVU15
 138 0002 044A     		ldr	r2, .L10
 139 0004 0021     		movs	r1, #0
 140 0006 0448     		ldr	r0, .L10+4
 141 0008 FFF7FEFF 		bl	osThreadNew
 142              	.LVL4:
 122:Core/Src/freertos.c **** 
 143              		.loc 1 122 21 view .LVU16
 144 000c 034B     		ldr	r3, .L10+8
 145 000e 1860     		str	r0, [r3]
 132:Core/Src/freertos.c **** 
 146              		.loc 1 132 1 view .LVU17
 147 0010 08BD     		pop	{r3, pc}
 148              	.L11:
 149 0012 00BF     		.align	2
 150              	.L10:
 151 0014 00000000 		.word	.LANCHOR0
 152 0018 00000000 		.word	StartDefaultTask
 153 001c 00000000 		.word	.LANCHOR1
 154              		.cfi_endproc
 155              	.LFE151:
 157              		.global	defaultTask_attributes
 158              		.section	.rodata.str1.4,"aMS",%progbits,1
 159              		.align	2
 160              	.LC0:
 161 0000 64656661 		.ascii	"defaultTask\000"
 161      756C7454 
 161      61736B00 
 162              		.global	defaultTaskHandle
 163              		.section	.bss.defaultTaskHandle,"aw",%nobits
 164              		.align	2
 165              		.set	.LANCHOR1,. + 0
 168              	defaultTaskHandle:
 169 0000 00000000 		.space	4
 170              		.section	.rodata.defaultTask_attributes,"a"
 171              		.align	2
 172              		.set	.LANCHOR0,. + 0
 175              	defaultTask_attributes:
 176 0000 00000000 		.word	.LC0
 177 0004 00000000 		.space	16
 177      00000000 
 177      00000000 
 177      00000000 
 178 0014 00020000 		.word	512
 179 0018 18000000 		.word	24
 180 001c 00000000 		.space	8
 180      00000000 
 181              		.text
 182              	.Letext0:
 183              		.file 2 "c:\\program files (x86)\\arm gnu toolchain arm-none-eabi\\11.2 2022.02\\arm-none-eabi\\in
 184              		.file 3 "c:\\program files (x86)\\arm gnu toolchain arm-none-eabi\\11.2 2022.02\\arm-none-eabi\\in
 185              		.file 4 "Middlewares/Third_Party/FreeRTOS/Source/include/task.h"
 186              		.file 5 "Middlewares/Third_Party/FreeRTOS/Source/CMSIS_RTOS_V2/cmsis_os2.h"
ARM GAS  C:\Users\Simon\AppData\Local\Temp\cckNKhym.s 			page 7


DEFINED SYMBOLS
                            *ABS*:00000000 freertos.c
C:\Users\Simon\AppData\Local\Temp\cckNKhym.s:19     .text.StartDefaultTask:00000000 $t
C:\Users\Simon\AppData\Local\Temp\cckNKhym.s:26     .text.StartDefaultTask:00000000 StartDefaultTask
C:\Users\Simon\AppData\Local\Temp\cckNKhym.s:54     .text.configureTimerForRunTimeStats:00000000 $t
C:\Users\Simon\AppData\Local\Temp\cckNKhym.s:61     .text.configureTimerForRunTimeStats:00000000 configureTimerForRunTimeStats
C:\Users\Simon\AppData\Local\Temp\cckNKhym.s:74     .text.getRunTimeCounterValue:00000000 $t
C:\Users\Simon\AppData\Local\Temp\cckNKhym.s:81     .text.getRunTimeCounterValue:00000000 getRunTimeCounterValue
C:\Users\Simon\AppData\Local\Temp\cckNKhym.s:96     .text.vApplicationStackOverflowHook:00000000 $t
C:\Users\Simon\AppData\Local\Temp\cckNKhym.s:103    .text.vApplicationStackOverflowHook:00000000 vApplicationStackOverflowHook
C:\Users\Simon\AppData\Local\Temp\cckNKhym.s:117    .text.MX_FREERTOS_Init:00000000 $t
C:\Users\Simon\AppData\Local\Temp\cckNKhym.s:124    .text.MX_FREERTOS_Init:00000000 MX_FREERTOS_Init
C:\Users\Simon\AppData\Local\Temp\cckNKhym.s:151    .text.MX_FREERTOS_Init:00000014 $d
C:\Users\Simon\AppData\Local\Temp\cckNKhym.s:175    .rodata.defaultTask_attributes:00000000 defaultTask_attributes
C:\Users\Simon\AppData\Local\Temp\cckNKhym.s:159    .rodata.str1.4:00000000 $d
C:\Users\Simon\AppData\Local\Temp\cckNKhym.s:168    .bss.defaultTaskHandle:00000000 defaultTaskHandle
C:\Users\Simon\AppData\Local\Temp\cckNKhym.s:164    .bss.defaultTaskHandle:00000000 $d
C:\Users\Simon\AppData\Local\Temp\cckNKhym.s:171    .rodata.defaultTask_attributes:00000000 $d

UNDEFINED SYMBOLS
osDelay
osThreadNew
