ARM GAS  C:\Users\Simon\AppData\Local\Temp\ccg6SnsS.s 			page 1


   1              		.cpu cortex-m7
   2              		.arch armv7e-m
   3              		.fpu fpv5-d16
   4              		.eabi_attribute 28, 1
   5              		.eabi_attribute 20, 1
   6              		.eabi_attribute 21, 1
   7              		.eabi_attribute 23, 3
   8              		.eabi_attribute 24, 1
   9              		.eabi_attribute 25, 1
  10              		.eabi_attribute 26, 1
  11              		.eabi_attribute 30, 2
  12              		.eabi_attribute 34, 1
  13              		.eabi_attribute 18, 4
  14              		.file	"list.c"
  15              		.text
  16              	.Ltext0:
  17              		.cfi_sections	.debug_frame
  18              		.section	.text.vListInitialise,"ax",%progbits
  19              		.align	1
  20              		.p2align 2,,3
  21              		.global	vListInitialise
  22              		.syntax unified
  23              		.thumb
  24              		.thumb_func
  26              	vListInitialise:
  27              	.LVL0:
  28              	.LFB4:
  29              		.file 1 "Middlewares/Third_Party/FreeRTOS/Source/list.c"
   1:Middlewares/Third_Party/FreeRTOS/Source/list.c **** /*
   2:Middlewares/Third_Party/FreeRTOS/Source/list.c ****  * FreeRTOS Kernel V10.3.1
   3:Middlewares/Third_Party/FreeRTOS/Source/list.c ****  * Copyright (C) 2020 Amazon.com, Inc. or its affiliates.  All Rights Reserved.
   4:Middlewares/Third_Party/FreeRTOS/Source/list.c ****  *
   5:Middlewares/Third_Party/FreeRTOS/Source/list.c ****  * Permission is hereby granted, free of charge, to any person obtaining a copy of
   6:Middlewares/Third_Party/FreeRTOS/Source/list.c ****  * this software and associated documentation files (the "Software"), to deal in
   7:Middlewares/Third_Party/FreeRTOS/Source/list.c ****  * the Software without restriction, including without limitation the rights to
   8:Middlewares/Third_Party/FreeRTOS/Source/list.c ****  * use, copy, modify, merge, publish, distribute, sublicense, and/or sell copies of
   9:Middlewares/Third_Party/FreeRTOS/Source/list.c ****  * the Software, and to permit persons to whom the Software is furnished to do so,
  10:Middlewares/Third_Party/FreeRTOS/Source/list.c ****  * subject to the following conditions:
  11:Middlewares/Third_Party/FreeRTOS/Source/list.c ****  *
  12:Middlewares/Third_Party/FreeRTOS/Source/list.c ****  * The above copyright notice and this permission notice shall be included in all
  13:Middlewares/Third_Party/FreeRTOS/Source/list.c ****  * copies or substantial portions of the Software.
  14:Middlewares/Third_Party/FreeRTOS/Source/list.c ****  *
  15:Middlewares/Third_Party/FreeRTOS/Source/list.c ****  * THE SOFTWARE IS PROVIDED "AS IS", WITHOUT WARRANTY OF ANY KIND, EXPRESS OR
  16:Middlewares/Third_Party/FreeRTOS/Source/list.c ****  * IMPLIED, INCLUDING BUT NOT LIMITED TO THE WARRANTIES OF MERCHANTABILITY, FITNESS
  17:Middlewares/Third_Party/FreeRTOS/Source/list.c ****  * FOR A PARTICULAR PURPOSE AND NONINFRINGEMENT. IN NO EVENT SHALL THE AUTHORS OR
  18:Middlewares/Third_Party/FreeRTOS/Source/list.c ****  * COPYRIGHT HOLDERS BE LIABLE FOR ANY CLAIM, DAMAGES OR OTHER LIABILITY, WHETHER
  19:Middlewares/Third_Party/FreeRTOS/Source/list.c ****  * IN AN ACTION OF CONTRACT, TORT OR OTHERWISE, ARISING FROM, OUT OF OR IN
  20:Middlewares/Third_Party/FreeRTOS/Source/list.c ****  * CONNECTION WITH THE SOFTWARE OR THE USE OR OTHER DEALINGS IN THE SOFTWARE.
  21:Middlewares/Third_Party/FreeRTOS/Source/list.c ****  *
  22:Middlewares/Third_Party/FreeRTOS/Source/list.c ****  * http://www.FreeRTOS.org
  23:Middlewares/Third_Party/FreeRTOS/Source/list.c ****  * http://aws.amazon.com/freertos
  24:Middlewares/Third_Party/FreeRTOS/Source/list.c ****  *
  25:Middlewares/Third_Party/FreeRTOS/Source/list.c ****  * 1 tab == 4 spaces!
  26:Middlewares/Third_Party/FreeRTOS/Source/list.c ****  */
  27:Middlewares/Third_Party/FreeRTOS/Source/list.c **** 
  28:Middlewares/Third_Party/FreeRTOS/Source/list.c **** 
  29:Middlewares/Third_Party/FreeRTOS/Source/list.c **** #include <stdlib.h>
ARM GAS  C:\Users\Simon\AppData\Local\Temp\ccg6SnsS.s 			page 2


  30:Middlewares/Third_Party/FreeRTOS/Source/list.c **** #include "FreeRTOS.h"
  31:Middlewares/Third_Party/FreeRTOS/Source/list.c **** #include "list.h"
  32:Middlewares/Third_Party/FreeRTOS/Source/list.c **** 
  33:Middlewares/Third_Party/FreeRTOS/Source/list.c **** /*-----------------------------------------------------------
  34:Middlewares/Third_Party/FreeRTOS/Source/list.c ****  * PUBLIC LIST API documented in list.h
  35:Middlewares/Third_Party/FreeRTOS/Source/list.c ****  *----------------------------------------------------------*/
  36:Middlewares/Third_Party/FreeRTOS/Source/list.c **** 
  37:Middlewares/Third_Party/FreeRTOS/Source/list.c **** void vListInitialise( List_t * const pxList )
  38:Middlewares/Third_Party/FreeRTOS/Source/list.c **** {
  30              		.loc 1 38 1 view -0
  31              		.cfi_startproc
  32              		@ args = 0, pretend = 0, frame = 0
  33              		@ frame_needed = 0, uses_anonymous_args = 0
  34              		@ link register save eliminated.
  39:Middlewares/Third_Party/FreeRTOS/Source/list.c **** 	/* The list structure contains a list item which is used to mark the
  40:Middlewares/Third_Party/FreeRTOS/Source/list.c **** 	end of the list.  To initialise the list the list end is inserted
  41:Middlewares/Third_Party/FreeRTOS/Source/list.c **** 	as the only list entry. */
  42:Middlewares/Third_Party/FreeRTOS/Source/list.c **** 	pxList->pxIndex = ( ListItem_t * ) &( pxList->xListEnd );			/*lint !e826 !e740 !e9087 The mini lis
  35              		.loc 1 42 2 view .LVU1
  36              		.loc 1 42 37 is_stmt 0 view .LVU2
  37 0000 00F10803 		add	r3, r0, #8
  43:Middlewares/Third_Party/FreeRTOS/Source/list.c **** 
  44:Middlewares/Third_Party/FreeRTOS/Source/list.c **** 	/* The list end value is the highest possible value in the list to
  45:Middlewares/Third_Party/FreeRTOS/Source/list.c **** 	ensure it remains at the end of the list. */
  46:Middlewares/Third_Party/FreeRTOS/Source/list.c **** 	pxList->xListEnd.xItemValue = portMAX_DELAY;
  38              		.loc 1 46 30 view .LVU3
  39 0004 4FF0FF31 		mov	r1, #-1
  47:Middlewares/Third_Party/FreeRTOS/Source/list.c **** 
  48:Middlewares/Third_Party/FreeRTOS/Source/list.c **** 	/* The list end next and previous pointers point to itself so we know
  49:Middlewares/Third_Party/FreeRTOS/Source/list.c **** 	when the list is empty. */
  50:Middlewares/Third_Party/FreeRTOS/Source/list.c **** 	pxList->xListEnd.pxNext = ( ListItem_t * ) &( pxList->xListEnd );	/*lint !e826 !e740 !e9087 The mi
  51:Middlewares/Third_Party/FreeRTOS/Source/list.c **** 	pxList->xListEnd.pxPrevious = ( ListItem_t * ) &( pxList->xListEnd );/*lint !e826 !e740 !e9087 The
  52:Middlewares/Third_Party/FreeRTOS/Source/list.c **** 
  53:Middlewares/Third_Party/FreeRTOS/Source/list.c **** 	pxList->uxNumberOfItems = ( UBaseType_t ) 0U;
  40              		.loc 1 53 26 view .LVU4
  41 0008 0022     		movs	r2, #0
  46:Middlewares/Third_Party/FreeRTOS/Source/list.c **** 
  42              		.loc 1 46 30 view .LVU5
  43 000a 8160     		str	r1, [r0, #8]
  44              		.loc 1 53 26 view .LVU6
  45 000c 0260     		str	r2, [r0]
  42:Middlewares/Third_Party/FreeRTOS/Source/list.c **** 
  46              		.loc 1 42 18 view .LVU7
  47 000e 4360     		str	r3, [r0, #4]
  46:Middlewares/Third_Party/FreeRTOS/Source/list.c **** 
  48              		.loc 1 46 2 is_stmt 1 view .LVU8
  50:Middlewares/Third_Party/FreeRTOS/Source/list.c **** 	pxList->xListEnd.pxPrevious = ( ListItem_t * ) &( pxList->xListEnd );/*lint !e826 !e740 !e9087 The
  49              		.loc 1 50 2 view .LVU9
  51:Middlewares/Third_Party/FreeRTOS/Source/list.c **** 
  50              		.loc 1 51 30 is_stmt 0 view .LVU10
  51 0010 C0E90333 		strd	r3, r3, [r0, #12]
  52              		.loc 1 53 2 is_stmt 1 view .LVU11
  54:Middlewares/Third_Party/FreeRTOS/Source/list.c **** 
  55:Middlewares/Third_Party/FreeRTOS/Source/list.c **** 	/* Write known values into the list if
  56:Middlewares/Third_Party/FreeRTOS/Source/list.c **** 	configUSE_LIST_DATA_INTEGRITY_CHECK_BYTES is set to 1. */
  57:Middlewares/Third_Party/FreeRTOS/Source/list.c **** 	listSET_LIST_INTEGRITY_CHECK_1_VALUE( pxList );
  53              		.loc 1 57 48 view .LVU12
ARM GAS  C:\Users\Simon\AppData\Local\Temp\ccg6SnsS.s 			page 3


  58:Middlewares/Third_Party/FreeRTOS/Source/list.c **** 	listSET_LIST_INTEGRITY_CHECK_2_VALUE( pxList );
  54              		.loc 1 58 48 view .LVU13
  59:Middlewares/Third_Party/FreeRTOS/Source/list.c **** }
  55              		.loc 1 59 1 is_stmt 0 view .LVU14
  56 0014 7047     		bx	lr
  57              		.cfi_endproc
  58              	.LFE4:
  60 0016 00BF     		.section	.text.vListInitialiseItem,"ax",%progbits
  61              		.align	1
  62              		.p2align 2,,3
  63              		.global	vListInitialiseItem
  64              		.syntax unified
  65              		.thumb
  66              		.thumb_func
  68              	vListInitialiseItem:
  69              	.LVL1:
  70              	.LFB5:
  60:Middlewares/Third_Party/FreeRTOS/Source/list.c **** /*-----------------------------------------------------------*/
  61:Middlewares/Third_Party/FreeRTOS/Source/list.c **** 
  62:Middlewares/Third_Party/FreeRTOS/Source/list.c **** void vListInitialiseItem( ListItem_t * const pxItem )
  63:Middlewares/Third_Party/FreeRTOS/Source/list.c **** {
  71              		.loc 1 63 1 is_stmt 1 view -0
  72              		.cfi_startproc
  73              		@ args = 0, pretend = 0, frame = 0
  74              		@ frame_needed = 0, uses_anonymous_args = 0
  75              		@ link register save eliminated.
  64:Middlewares/Third_Party/FreeRTOS/Source/list.c **** 	/* Make sure the list item is not recorded as being on a list. */
  65:Middlewares/Third_Party/FreeRTOS/Source/list.c **** 	pxItem->pxContainer = NULL;
  76              		.loc 1 65 2 view .LVU16
  77              		.loc 1 65 22 is_stmt 0 view .LVU17
  78 0000 0023     		movs	r3, #0
  79 0002 0361     		str	r3, [r0, #16]
  66:Middlewares/Third_Party/FreeRTOS/Source/list.c **** 
  67:Middlewares/Third_Party/FreeRTOS/Source/list.c **** 	/* Write known values into the list item if
  68:Middlewares/Third_Party/FreeRTOS/Source/list.c **** 	configUSE_LIST_DATA_INTEGRITY_CHECK_BYTES is set to 1. */
  69:Middlewares/Third_Party/FreeRTOS/Source/list.c **** 	listSET_FIRST_LIST_ITEM_INTEGRITY_CHECK_VALUE( pxItem );
  80              		.loc 1 69 57 is_stmt 1 view .LVU18
  70:Middlewares/Third_Party/FreeRTOS/Source/list.c **** 	listSET_SECOND_LIST_ITEM_INTEGRITY_CHECK_VALUE( pxItem );
  81              		.loc 1 70 58 view .LVU19
  71:Middlewares/Third_Party/FreeRTOS/Source/list.c **** }
  82              		.loc 1 71 1 is_stmt 0 view .LVU20
  83 0004 7047     		bx	lr
  84              		.cfi_endproc
  85              	.LFE5:
  87 0006 00BF     		.section	.text.vListInsertEnd,"ax",%progbits
  88              		.align	1
  89              		.p2align 2,,3
  90              		.global	vListInsertEnd
  91              		.syntax unified
  92              		.thumb
  93              		.thumb_func
  95              	vListInsertEnd:
  96              	.LVL2:
  97              	.LFB6:
  72:Middlewares/Third_Party/FreeRTOS/Source/list.c **** /*-----------------------------------------------------------*/
  73:Middlewares/Third_Party/FreeRTOS/Source/list.c **** 
  74:Middlewares/Third_Party/FreeRTOS/Source/list.c **** void vListInsertEnd( List_t * const pxList, ListItem_t * const pxNewListItem )
ARM GAS  C:\Users\Simon\AppData\Local\Temp\ccg6SnsS.s 			page 4


  75:Middlewares/Third_Party/FreeRTOS/Source/list.c **** {
  98              		.loc 1 75 1 is_stmt 1 view -0
  99              		.cfi_startproc
 100              		@ args = 0, pretend = 0, frame = 0
 101              		@ frame_needed = 0, uses_anonymous_args = 0
 102              		@ link register save eliminated.
  76:Middlewares/Third_Party/FreeRTOS/Source/list.c **** ListItem_t * const pxIndex = pxList->pxIndex;
 103              		.loc 1 76 1 view .LVU22
 104              		.loc 1 76 20 is_stmt 0 view .LVU23
 105 0000 4368     		ldr	r3, [r0, #4]
 106              	.LVL3:
  77:Middlewares/Third_Party/FreeRTOS/Source/list.c **** 
  78:Middlewares/Third_Party/FreeRTOS/Source/list.c **** 	/* Only effective when configASSERT() is also defined, these tests may catch
  79:Middlewares/Third_Party/FreeRTOS/Source/list.c **** 	the list data structures being overwritten in memory.  They will not catch
  80:Middlewares/Third_Party/FreeRTOS/Source/list.c **** 	data errors caused by incorrect configuration or use of FreeRTOS. */
  81:Middlewares/Third_Party/FreeRTOS/Source/list.c **** 	listTEST_LIST_INTEGRITY( pxList );
 107              		.loc 1 81 35 is_stmt 1 view .LVU24
  82:Middlewares/Third_Party/FreeRTOS/Source/list.c **** 	listTEST_LIST_ITEM_INTEGRITY( pxNewListItem );
 108              		.loc 1 82 47 view .LVU25
  83:Middlewares/Third_Party/FreeRTOS/Source/list.c **** 
  84:Middlewares/Third_Party/FreeRTOS/Source/list.c **** 	/* Insert a new list item into pxList, but rather than sort the list,
  85:Middlewares/Third_Party/FreeRTOS/Source/list.c **** 	makes the new list item the last item to be removed by a call to
  86:Middlewares/Third_Party/FreeRTOS/Source/list.c **** 	listGET_OWNER_OF_NEXT_ENTRY(). */
  87:Middlewares/Third_Party/FreeRTOS/Source/list.c **** 	pxNewListItem->pxNext = pxIndex;
 109              		.loc 1 87 2 view .LVU26
  88:Middlewares/Third_Party/FreeRTOS/Source/list.c **** 	pxNewListItem->pxPrevious = pxIndex->pxPrevious;
  89:Middlewares/Third_Party/FreeRTOS/Source/list.c **** 
  90:Middlewares/Third_Party/FreeRTOS/Source/list.c **** 	/* Only used during decision coverage testing. */
  91:Middlewares/Third_Party/FreeRTOS/Source/list.c **** 	mtCOVERAGE_TEST_DELAY();
  92:Middlewares/Third_Party/FreeRTOS/Source/list.c **** 
  93:Middlewares/Third_Party/FreeRTOS/Source/list.c **** 	pxIndex->pxPrevious->pxNext = pxNewListItem;
  94:Middlewares/Third_Party/FreeRTOS/Source/list.c **** 	pxIndex->pxPrevious = pxNewListItem;
  95:Middlewares/Third_Party/FreeRTOS/Source/list.c **** 
  96:Middlewares/Third_Party/FreeRTOS/Source/list.c **** 	/* Remember which list the item is in. */
  97:Middlewares/Third_Party/FreeRTOS/Source/list.c **** 	pxNewListItem->pxContainer = pxList;
  98:Middlewares/Third_Party/FreeRTOS/Source/list.c **** 
  99:Middlewares/Third_Party/FreeRTOS/Source/list.c **** 	( pxList->uxNumberOfItems )++;
 110              		.loc 1 99 10 is_stmt 0 view .LVU27
 111 0002 0268     		ldr	r2, [r0]
  75:Middlewares/Third_Party/FreeRTOS/Source/list.c **** ListItem_t * const pxIndex = pxList->pxIndex;
 112              		.loc 1 75 1 view .LVU28
 113 0004 10B4     		push	{r4}
 114              	.LCFI0:
 115              		.cfi_def_cfa_offset 4
 116              		.cfi_offset 4, -4
  88:Middlewares/Third_Party/FreeRTOS/Source/list.c **** 	pxNewListItem->pxPrevious = pxIndex->pxPrevious;
 117              		.loc 1 88 37 view .LVU29
 118 0006 9C68     		ldr	r4, [r3, #8]
 119              		.loc 1 99 29 view .LVU30
 120 0008 0132     		adds	r2, r2, #1
  87:Middlewares/Third_Party/FreeRTOS/Source/list.c **** 	pxNewListItem->pxPrevious = pxIndex->pxPrevious;
 121              		.loc 1 87 24 view .LVU31
 122 000a 4B60     		str	r3, [r1, #4]
  88:Middlewares/Third_Party/FreeRTOS/Source/list.c **** 	pxNewListItem->pxPrevious = pxIndex->pxPrevious;
 123              		.loc 1 88 2 is_stmt 1 view .LVU32
  91:Middlewares/Third_Party/FreeRTOS/Source/list.c **** 
 124              		.loc 1 91 25 view .LVU33
ARM GAS  C:\Users\Simon\AppData\Local\Temp\ccg6SnsS.s 			page 5


  93:Middlewares/Third_Party/FreeRTOS/Source/list.c **** 	pxIndex->pxPrevious = pxNewListItem;
 125              		.loc 1 93 2 view .LVU34
  88:Middlewares/Third_Party/FreeRTOS/Source/list.c **** 
 126              		.loc 1 88 37 is_stmt 0 view .LVU35
 127 000c 8C60     		str	r4, [r1, #8]
  93:Middlewares/Third_Party/FreeRTOS/Source/list.c **** 	pxIndex->pxPrevious = pxNewListItem;
 128              		.loc 1 93 30 view .LVU36
 129 000e 9C68     		ldr	r4, [r3, #8]
 130 0010 6160     		str	r1, [r4, #4]
  94:Middlewares/Third_Party/FreeRTOS/Source/list.c **** 
 131              		.loc 1 94 2 is_stmt 1 view .LVU37
  94:Middlewares/Third_Party/FreeRTOS/Source/list.c **** 
 132              		.loc 1 94 22 is_stmt 0 view .LVU38
 133 0012 9960     		str	r1, [r3, #8]
  97:Middlewares/Third_Party/FreeRTOS/Source/list.c **** 
 134              		.loc 1 97 2 is_stmt 1 view .LVU39
 100:Middlewares/Third_Party/FreeRTOS/Source/list.c **** }
 135              		.loc 1 100 1 is_stmt 0 view .LVU40
 136 0014 5DF8044B 		ldr	r4, [sp], #4
 137              	.LCFI1:
 138              		.cfi_restore 4
 139              		.cfi_def_cfa_offset 0
  97:Middlewares/Third_Party/FreeRTOS/Source/list.c **** 
 140              		.loc 1 97 29 view .LVU41
 141 0018 0861     		str	r0, [r1, #16]
  99:Middlewares/Third_Party/FreeRTOS/Source/list.c **** }
 142              		.loc 1 99 2 is_stmt 1 view .LVU42
  99:Middlewares/Third_Party/FreeRTOS/Source/list.c **** }
 143              		.loc 1 99 29 is_stmt 0 view .LVU43
 144 001a 0260     		str	r2, [r0]
 145              		.loc 1 100 1 view .LVU44
 146 001c 7047     		bx	lr
 147              		.cfi_endproc
 148              	.LFE6:
 150 001e 00BF     		.section	.text.vListInsert,"ax",%progbits
 151              		.align	1
 152              		.p2align 2,,3
 153              		.global	vListInsert
 154              		.syntax unified
 155              		.thumb
 156              		.thumb_func
 158              	vListInsert:
 159              	.LVL4:
 160              	.LFB7:
 101:Middlewares/Third_Party/FreeRTOS/Source/list.c **** /*-----------------------------------------------------------*/
 102:Middlewares/Third_Party/FreeRTOS/Source/list.c **** 
 103:Middlewares/Third_Party/FreeRTOS/Source/list.c **** void vListInsert( List_t * const pxList, ListItem_t * const pxNewListItem )
 104:Middlewares/Third_Party/FreeRTOS/Source/list.c **** {
 161              		.loc 1 104 1 is_stmt 1 view -0
 162              		.cfi_startproc
 163              		@ args = 0, pretend = 0, frame = 0
 164              		@ frame_needed = 0, uses_anonymous_args = 0
 165              		@ link register save eliminated.
 105:Middlewares/Third_Party/FreeRTOS/Source/list.c **** ListItem_t *pxIterator;
 166              		.loc 1 105 1 view .LVU46
 106:Middlewares/Third_Party/FreeRTOS/Source/list.c **** const TickType_t xValueOfInsertion = pxNewListItem->xItemValue;
 167              		.loc 1 106 1 view .LVU47
ARM GAS  C:\Users\Simon\AppData\Local\Temp\ccg6SnsS.s 			page 6


 104:Middlewares/Third_Party/FreeRTOS/Source/list.c **** ListItem_t *pxIterator;
 168              		.loc 1 104 1 is_stmt 0 view .LVU48
 169 0000 30B4     		push	{r4, r5}
 170              	.LCFI2:
 171              		.cfi_def_cfa_offset 8
 172              		.cfi_offset 4, -8
 173              		.cfi_offset 5, -4
 174              		.loc 1 106 18 view .LVU49
 175 0002 0D68     		ldr	r5, [r1]
 176              	.LVL5:
 107:Middlewares/Third_Party/FreeRTOS/Source/list.c **** 
 108:Middlewares/Third_Party/FreeRTOS/Source/list.c **** 	/* Only effective when configASSERT() is also defined, these tests may catch
 109:Middlewares/Third_Party/FreeRTOS/Source/list.c **** 	the list data structures being overwritten in memory.  They will not catch
 110:Middlewares/Third_Party/FreeRTOS/Source/list.c **** 	data errors caused by incorrect configuration or use of FreeRTOS. */
 111:Middlewares/Third_Party/FreeRTOS/Source/list.c **** 	listTEST_LIST_INTEGRITY( pxList );
 177              		.loc 1 111 35 is_stmt 1 view .LVU50
 112:Middlewares/Third_Party/FreeRTOS/Source/list.c **** 	listTEST_LIST_ITEM_INTEGRITY( pxNewListItem );
 178              		.loc 1 112 47 view .LVU51
 113:Middlewares/Third_Party/FreeRTOS/Source/list.c **** 
 114:Middlewares/Third_Party/FreeRTOS/Source/list.c **** 	/* Insert the new list item into the list, sorted in xItemValue order.
 115:Middlewares/Third_Party/FreeRTOS/Source/list.c **** 
 116:Middlewares/Third_Party/FreeRTOS/Source/list.c **** 	If the list already contains a list item with the same item value then the
 117:Middlewares/Third_Party/FreeRTOS/Source/list.c **** 	new list item should be placed after it.  This ensures that TCBs which are
 118:Middlewares/Third_Party/FreeRTOS/Source/list.c **** 	stored in ready lists (all of which have the same xItemValue value) get a
 119:Middlewares/Third_Party/FreeRTOS/Source/list.c **** 	share of the CPU.  However, if the xItemValue is the same as the back marker
 120:Middlewares/Third_Party/FreeRTOS/Source/list.c **** 	the iteration loop below will not end.  Therefore the value is checked
 121:Middlewares/Third_Party/FreeRTOS/Source/list.c **** 	first, and the algorithm slightly modified if necessary. */
 122:Middlewares/Third_Party/FreeRTOS/Source/list.c **** 	if( xValueOfInsertion == portMAX_DELAY )
 179              		.loc 1 122 2 view .LVU52
 180              		.loc 1 122 4 is_stmt 0 view .LVU53
 181 0004 6B1C     		adds	r3, r5, #1
 182 0006 10D0     		beq	.L12
 123:Middlewares/Third_Party/FreeRTOS/Source/list.c **** 	{
 124:Middlewares/Third_Party/FreeRTOS/Source/list.c **** 		pxIterator = pxList->xListEnd.pxPrevious;
 125:Middlewares/Third_Party/FreeRTOS/Source/list.c **** 	}
 126:Middlewares/Third_Party/FreeRTOS/Source/list.c **** 	else
 127:Middlewares/Third_Party/FreeRTOS/Source/list.c **** 	{
 128:Middlewares/Third_Party/FreeRTOS/Source/list.c **** 		/* *** NOTE ***********************************************************
 129:Middlewares/Third_Party/FreeRTOS/Source/list.c **** 		If you find your application is crashing here then likely causes are
 130:Middlewares/Third_Party/FreeRTOS/Source/list.c **** 		listed below.  In addition see https://www.freertos.org/FAQHelp.html for
 131:Middlewares/Third_Party/FreeRTOS/Source/list.c **** 		more tips, and ensure configASSERT() is defined!
 132:Middlewares/Third_Party/FreeRTOS/Source/list.c **** 		https://www.freertos.org/a00110.html#configASSERT
 133:Middlewares/Third_Party/FreeRTOS/Source/list.c **** 
 134:Middlewares/Third_Party/FreeRTOS/Source/list.c **** 			1) Stack overflow -
 135:Middlewares/Third_Party/FreeRTOS/Source/list.c **** 			   see https://www.freertos.org/Stacks-and-stack-overflow-checking.html
 136:Middlewares/Third_Party/FreeRTOS/Source/list.c **** 			2) Incorrect interrupt priority assignment, especially on Cortex-M
 137:Middlewares/Third_Party/FreeRTOS/Source/list.c **** 			   parts where numerically high priority values denote low actual
 138:Middlewares/Third_Party/FreeRTOS/Source/list.c **** 			   interrupt priorities, which can seem counter intuitive.  See
 139:Middlewares/Third_Party/FreeRTOS/Source/list.c **** 			   https://www.freertos.org/RTOS-Cortex-M3-M4.html and the definition
 140:Middlewares/Third_Party/FreeRTOS/Source/list.c **** 			   of configMAX_SYSCALL_INTERRUPT_PRIORITY on
 141:Middlewares/Third_Party/FreeRTOS/Source/list.c **** 			   https://www.freertos.org/a00110.html
 142:Middlewares/Third_Party/FreeRTOS/Source/list.c **** 			3) Calling an API function from within a critical section or when
 143:Middlewares/Third_Party/FreeRTOS/Source/list.c **** 			   the scheduler is suspended, or calling an API function that does
 144:Middlewares/Third_Party/FreeRTOS/Source/list.c **** 			   not end in "FromISR" from an interrupt.
 145:Middlewares/Third_Party/FreeRTOS/Source/list.c **** 			4) Using a queue or semaphore before it has been initialised or
 146:Middlewares/Third_Party/FreeRTOS/Source/list.c **** 			   before the scheduler has been started (are interrupts firing
 147:Middlewares/Third_Party/FreeRTOS/Source/list.c **** 			   before vTaskStartScheduler() has been called?).
ARM GAS  C:\Users\Simon\AppData\Local\Temp\ccg6SnsS.s 			page 7


 148:Middlewares/Third_Party/FreeRTOS/Source/list.c **** 		**********************************************************************/
 149:Middlewares/Third_Party/FreeRTOS/Source/list.c **** 
 150:Middlewares/Third_Party/FreeRTOS/Source/list.c **** 		for( pxIterator = ( ListItem_t * ) &( pxList->xListEnd ); pxIterator->pxNext->xItemValue <= xValu
 183              		.loc 1 150 3 is_stmt 1 view .LVU54
 184              		.loc 1 150 19 is_stmt 0 view .LVU55
 185 0008 00F10803 		add	r3, r0, #8
 186              	.LVL6:
 187              	.L9:
 188              		.loc 1 150 92 is_stmt 1 discriminator 1 view .LVU56
 189 000c 1C46     		mov	r4, r3
 190              		.loc 1 150 71 is_stmt 0 discriminator 1 view .LVU57
 191 000e 5B68     		ldr	r3, [r3, #4]
 192              	.LVL7:
 193              		.loc 1 150 92 discriminator 1 view .LVU58
 194 0010 1A68     		ldr	r2, [r3]
 195 0012 AA42     		cmp	r2, r5
 196 0014 FAD9     		bls	.L9
 197              	.L8:
 151:Middlewares/Third_Party/FreeRTOS/Source/list.c **** 		{
 152:Middlewares/Third_Party/FreeRTOS/Source/list.c **** 			/* There is nothing to do here, just iterating to the wanted
 153:Middlewares/Third_Party/FreeRTOS/Source/list.c **** 			insertion position. */
 154:Middlewares/Third_Party/FreeRTOS/Source/list.c **** 		}
 155:Middlewares/Third_Party/FreeRTOS/Source/list.c **** 	}
 156:Middlewares/Third_Party/FreeRTOS/Source/list.c **** 
 157:Middlewares/Third_Party/FreeRTOS/Source/list.c **** 	pxNewListItem->pxNext = pxIterator->pxNext;
 198              		.loc 1 157 2 is_stmt 1 view .LVU59
 158:Middlewares/Third_Party/FreeRTOS/Source/list.c **** 	pxNewListItem->pxNext->pxPrevious = pxNewListItem;
 159:Middlewares/Third_Party/FreeRTOS/Source/list.c **** 	pxNewListItem->pxPrevious = pxIterator;
 160:Middlewares/Third_Party/FreeRTOS/Source/list.c **** 	pxIterator->pxNext = pxNewListItem;
 161:Middlewares/Third_Party/FreeRTOS/Source/list.c **** 
 162:Middlewares/Third_Party/FreeRTOS/Source/list.c **** 	/* Remember which list the item is in.  This allows fast removal of the
 163:Middlewares/Third_Party/FreeRTOS/Source/list.c **** 	item later. */
 164:Middlewares/Third_Party/FreeRTOS/Source/list.c **** 	pxNewListItem->pxContainer = pxList;
 165:Middlewares/Third_Party/FreeRTOS/Source/list.c **** 
 166:Middlewares/Third_Party/FreeRTOS/Source/list.c **** 	( pxList->uxNumberOfItems )++;
 199              		.loc 1 166 10 is_stmt 0 view .LVU60
 200 0016 0268     		ldr	r2, [r0]
 157:Middlewares/Third_Party/FreeRTOS/Source/list.c **** 	pxNewListItem->pxNext->pxPrevious = pxNewListItem;
 201              		.loc 1 157 24 view .LVU61
 202 0018 4B60     		str	r3, [r1, #4]
 158:Middlewares/Third_Party/FreeRTOS/Source/list.c **** 	pxNewListItem->pxNext->pxPrevious = pxNewListItem;
 203              		.loc 1 158 2 is_stmt 1 view .LVU62
 204              		.loc 1 166 29 is_stmt 0 view .LVU63
 205 001a 0132     		adds	r2, r2, #1
 158:Middlewares/Third_Party/FreeRTOS/Source/list.c **** 	pxNewListItem->pxNext->pxPrevious = pxNewListItem;
 206              		.loc 1 158 36 view .LVU64
 207 001c 9960     		str	r1, [r3, #8]
 159:Middlewares/Third_Party/FreeRTOS/Source/list.c **** 	pxIterator->pxNext = pxNewListItem;
 208              		.loc 1 159 2 is_stmt 1 view .LVU65
 159:Middlewares/Third_Party/FreeRTOS/Source/list.c **** 	pxIterator->pxNext = pxNewListItem;
 209              		.loc 1 159 28 is_stmt 0 view .LVU66
 210 001e 8C60     		str	r4, [r1, #8]
 160:Middlewares/Third_Party/FreeRTOS/Source/list.c **** 
 211              		.loc 1 160 2 is_stmt 1 view .LVU67
 160:Middlewares/Third_Party/FreeRTOS/Source/list.c **** 
 212              		.loc 1 160 21 is_stmt 0 view .LVU68
 213 0020 6160     		str	r1, [r4, #4]
ARM GAS  C:\Users\Simon\AppData\Local\Temp\ccg6SnsS.s 			page 8


 164:Middlewares/Third_Party/FreeRTOS/Source/list.c **** 
 214              		.loc 1 164 2 is_stmt 1 view .LVU69
 164:Middlewares/Third_Party/FreeRTOS/Source/list.c **** 
 215              		.loc 1 164 29 is_stmt 0 view .LVU70
 216 0022 0861     		str	r0, [r1, #16]
 217              		.loc 1 166 2 is_stmt 1 view .LVU71
 218              		.loc 1 166 29 is_stmt 0 view .LVU72
 219 0024 0260     		str	r2, [r0]
 167:Middlewares/Third_Party/FreeRTOS/Source/list.c **** }
 220              		.loc 1 167 1 view .LVU73
 221 0026 30BC     		pop	{r4, r5}
 222              	.LCFI3:
 223              		.cfi_remember_state
 224              		.cfi_restore 5
 225              		.cfi_restore 4
 226              		.cfi_def_cfa_offset 0
 227              	.LVL8:
 228              		.loc 1 167 1 view .LVU74
 229 0028 7047     		bx	lr
 230              	.LVL9:
 231              	.L12:
 232              	.LCFI4:
 233              		.cfi_restore_state
 124:Middlewares/Third_Party/FreeRTOS/Source/list.c **** 	}
 234              		.loc 1 124 3 is_stmt 1 view .LVU75
 124:Middlewares/Third_Party/FreeRTOS/Source/list.c **** 	}
 235              		.loc 1 124 14 is_stmt 0 view .LVU76
 236 002a 0469     		ldr	r4, [r0, #16]
 237              	.LVL10:
 157:Middlewares/Third_Party/FreeRTOS/Source/list.c **** 	pxNewListItem->pxNext->pxPrevious = pxNewListItem;
 238              		.loc 1 157 36 view .LVU77
 239 002c 6368     		ldr	r3, [r4, #4]
 240 002e F2E7     		b	.L8
 241              		.cfi_endproc
 242              	.LFE7:
 244              		.section	.text.uxListRemove,"ax",%progbits
 245              		.align	1
 246              		.p2align 2,,3
 247              		.global	uxListRemove
 248              		.syntax unified
 249              		.thumb
 250              		.thumb_func
 252              	uxListRemove:
 253              	.LVL11:
 254              	.LFB8:
 168:Middlewares/Third_Party/FreeRTOS/Source/list.c **** /*-----------------------------------------------------------*/
 169:Middlewares/Third_Party/FreeRTOS/Source/list.c **** 
 170:Middlewares/Third_Party/FreeRTOS/Source/list.c **** UBaseType_t uxListRemove( ListItem_t * const pxItemToRemove )
 171:Middlewares/Third_Party/FreeRTOS/Source/list.c **** {
 255              		.loc 1 171 1 is_stmt 1 view -0
 256              		.cfi_startproc
 257              		@ args = 0, pretend = 0, frame = 0
 258              		@ frame_needed = 0, uses_anonymous_args = 0
 259              		@ link register save eliminated.
 172:Middlewares/Third_Party/FreeRTOS/Source/list.c **** /* The list item knows which list it is in.  Obtain the list from the list
 173:Middlewares/Third_Party/FreeRTOS/Source/list.c **** item. */
 174:Middlewares/Third_Party/FreeRTOS/Source/list.c **** List_t * const pxList = pxItemToRemove->pxContainer;
ARM GAS  C:\Users\Simon\AppData\Local\Temp\ccg6SnsS.s 			page 9


 260              		.loc 1 174 1 view .LVU79
 261              		.loc 1 174 16 is_stmt 0 view .LVU80
 262 0000 0369     		ldr	r3, [r0, #16]
 263              	.LVL12:
 175:Middlewares/Third_Party/FreeRTOS/Source/list.c **** 
 176:Middlewares/Third_Party/FreeRTOS/Source/list.c **** 	pxItemToRemove->pxNext->pxPrevious = pxItemToRemove->pxPrevious;
 264              		.loc 1 176 2 is_stmt 1 view .LVU81
 171:Middlewares/Third_Party/FreeRTOS/Source/list.c **** /* The list item knows which list it is in.  Obtain the list from the list
 265              		.loc 1 171 1 is_stmt 0 view .LVU82
 266 0002 10B4     		push	{r4}
 267              	.LCFI5:
 268              		.cfi_def_cfa_offset 4
 269              		.cfi_offset 4, -4
 177:Middlewares/Third_Party/FreeRTOS/Source/list.c **** 	pxItemToRemove->pxPrevious->pxNext = pxItemToRemove->pxNext;
 178:Middlewares/Third_Party/FreeRTOS/Source/list.c **** 
 179:Middlewares/Third_Party/FreeRTOS/Source/list.c **** 	/* Only used during decision coverage testing. */
 180:Middlewares/Third_Party/FreeRTOS/Source/list.c **** 	mtCOVERAGE_TEST_DELAY();
 181:Middlewares/Third_Party/FreeRTOS/Source/list.c **** 
 182:Middlewares/Third_Party/FreeRTOS/Source/list.c **** 	/* Make sure the index is left pointing to a valid item. */
 183:Middlewares/Third_Party/FreeRTOS/Source/list.c **** 	if( pxList->pxIndex == pxItemToRemove )
 270              		.loc 1 183 4 view .LVU83
 271 0004 5C68     		ldr	r4, [r3, #4]
 176:Middlewares/Third_Party/FreeRTOS/Source/list.c **** 	pxItemToRemove->pxPrevious->pxNext = pxItemToRemove->pxNext;
 272              		.loc 1 176 53 view .LVU84
 273 0006 D0E90112 		ldrd	r1, r2, [r0, #4]
 274              		.loc 1 183 4 view .LVU85
 275 000a 8442     		cmp	r4, r0
 184:Middlewares/Third_Party/FreeRTOS/Source/list.c **** 	{
 185:Middlewares/Third_Party/FreeRTOS/Source/list.c **** 		pxList->pxIndex = pxItemToRemove->pxPrevious;
 186:Middlewares/Third_Party/FreeRTOS/Source/list.c **** 	}
 187:Middlewares/Third_Party/FreeRTOS/Source/list.c **** 	else
 188:Middlewares/Third_Party/FreeRTOS/Source/list.c **** 	{
 189:Middlewares/Third_Party/FreeRTOS/Source/list.c **** 		mtCOVERAGE_TEST_MARKER();
 190:Middlewares/Third_Party/FreeRTOS/Source/list.c **** 	}
 191:Middlewares/Third_Party/FreeRTOS/Source/list.c **** 
 192:Middlewares/Third_Party/FreeRTOS/Source/list.c **** 	pxItemToRemove->pxContainer = NULL;
 193:Middlewares/Third_Party/FreeRTOS/Source/list.c **** 	( pxList->uxNumberOfItems )--;
 194:Middlewares/Third_Party/FreeRTOS/Source/list.c **** 
 195:Middlewares/Third_Party/FreeRTOS/Source/list.c **** 	return pxList->uxNumberOfItems;
 196:Middlewares/Third_Party/FreeRTOS/Source/list.c **** }
 276              		.loc 1 196 1 view .LVU86
 277 000c 5DF8044B 		ldr	r4, [sp], #4
 278              	.LCFI6:
 279              		.cfi_restore 4
 280              		.cfi_def_cfa_offset 0
 176:Middlewares/Third_Party/FreeRTOS/Source/list.c **** 	pxItemToRemove->pxPrevious->pxNext = pxItemToRemove->pxNext;
 281              		.loc 1 176 37 view .LVU87
 282 0010 8A60     		str	r2, [r1, #8]
 177:Middlewares/Third_Party/FreeRTOS/Source/list.c **** 
 283              		.loc 1 177 2 is_stmt 1 view .LVU88
 177:Middlewares/Third_Party/FreeRTOS/Source/list.c **** 
 284              		.loc 1 177 37 is_stmt 0 view .LVU89
 285 0012 5160     		str	r1, [r2, #4]
 180:Middlewares/Third_Party/FreeRTOS/Source/list.c **** 
 286              		.loc 1 180 25 is_stmt 1 view .LVU90
 183:Middlewares/Third_Party/FreeRTOS/Source/list.c **** 	{
 287              		.loc 1 183 2 view .LVU91
ARM GAS  C:\Users\Simon\AppData\Local\Temp\ccg6SnsS.s 			page 10


 185:Middlewares/Third_Party/FreeRTOS/Source/list.c **** 	}
 288              		.loc 1 185 3 view .LVU92
 192:Middlewares/Third_Party/FreeRTOS/Source/list.c **** 	( pxList->uxNumberOfItems )--;
 289              		.loc 1 192 30 is_stmt 0 view .LVU93
 290 0014 4FF00001 		mov	r1, #0
 185:Middlewares/Third_Party/FreeRTOS/Source/list.c **** 	}
 291              		.loc 1 185 19 view .LVU94
 292 0018 08BF     		it	eq
 293 001a 5A60     		streq	r2, [r3, #4]
 189:Middlewares/Third_Party/FreeRTOS/Source/list.c **** 	}
 294              		.loc 1 189 27 is_stmt 1 view .LVU95
 192:Middlewares/Third_Party/FreeRTOS/Source/list.c **** 	( pxList->uxNumberOfItems )--;
 295              		.loc 1 192 2 view .LVU96
 193:Middlewares/Third_Party/FreeRTOS/Source/list.c **** 
 296              		.loc 1 193 10 is_stmt 0 view .LVU97
 297 001c 1A68     		ldr	r2, [r3]
 192:Middlewares/Third_Party/FreeRTOS/Source/list.c **** 	( pxList->uxNumberOfItems )--;
 298              		.loc 1 192 30 view .LVU98
 299 001e 0161     		str	r1, [r0, #16]
 193:Middlewares/Third_Party/FreeRTOS/Source/list.c **** 
 300              		.loc 1 193 2 is_stmt 1 view .LVU99
 193:Middlewares/Third_Party/FreeRTOS/Source/list.c **** 
 301              		.loc 1 193 29 is_stmt 0 view .LVU100
 302 0020 013A     		subs	r2, r2, #1
 303 0022 1A60     		str	r2, [r3]
 195:Middlewares/Third_Party/FreeRTOS/Source/list.c **** }
 304              		.loc 1 195 2 is_stmt 1 view .LVU101
 195:Middlewares/Third_Party/FreeRTOS/Source/list.c **** }
 305              		.loc 1 195 15 is_stmt 0 view .LVU102
 306 0024 1868     		ldr	r0, [r3]
 307              	.LVL13:
 308              		.loc 1 196 1 view .LVU103
 309 0026 7047     		bx	lr
 310              		.cfi_endproc
 311              	.LFE8:
 313              		.text
 314              	.Letext0:
 315              		.file 2 "c:\\program files (x86)\\arm gnu toolchain arm-none-eabi\\11.2 2022.02\\arm-none-eabi\\in
 316              		.file 3 "c:\\program files (x86)\\arm gnu toolchain arm-none-eabi\\11.2 2022.02\\arm-none-eabi\\in
 317              		.file 4 "Middlewares/Third_Party/FreeRTOS/Source/portable/GCC/ARM_CM4F/portmacro.h"
 318              		.file 5 "Middlewares/Third_Party/FreeRTOS/Source/include/list.h"
ARM GAS  C:\Users\Simon\AppData\Local\Temp\ccg6SnsS.s 			page 11


DEFINED SYMBOLS
                            *ABS*:00000000 list.c
C:\Users\Simon\AppData\Local\Temp\ccg6SnsS.s:19     .text.vListInitialise:00000000 $t
C:\Users\Simon\AppData\Local\Temp\ccg6SnsS.s:26     .text.vListInitialise:00000000 vListInitialise
C:\Users\Simon\AppData\Local\Temp\ccg6SnsS.s:61     .text.vListInitialiseItem:00000000 $t
C:\Users\Simon\AppData\Local\Temp\ccg6SnsS.s:68     .text.vListInitialiseItem:00000000 vListInitialiseItem
C:\Users\Simon\AppData\Local\Temp\ccg6SnsS.s:88     .text.vListInsertEnd:00000000 $t
C:\Users\Simon\AppData\Local\Temp\ccg6SnsS.s:95     .text.vListInsertEnd:00000000 vListInsertEnd
C:\Users\Simon\AppData\Local\Temp\ccg6SnsS.s:151    .text.vListInsert:00000000 $t
C:\Users\Simon\AppData\Local\Temp\ccg6SnsS.s:158    .text.vListInsert:00000000 vListInsert
C:\Users\Simon\AppData\Local\Temp\ccg6SnsS.s:245    .text.uxListRemove:00000000 $t
C:\Users\Simon\AppData\Local\Temp\ccg6SnsS.s:252    .text.uxListRemove:00000000 uxListRemove

NO UNDEFINED SYMBOLS
