ARM GAS  C:\Users\Simon\AppData\Local\Temp\ccSSDe7H.s 			page 1


   1              		.cpu cortex-m7
   2              		.arch armv7e-m
   3              		.fpu fpv5-d16
   4              		.eabi_attribute 28, 1
   5              		.eabi_attribute 20, 1
   6              		.eabi_attribute 21, 1
   7              		.eabi_attribute 23, 3
   8              		.eabi_attribute 24, 1
   9              		.eabi_attribute 25, 1
  10              		.eabi_attribute 26, 1
  11              		.eabi_attribute 30, 2
  12              		.eabi_attribute 34, 1
  13              		.eabi_attribute 18, 4
  14              		.file	"stm32h7xx_it.c"
  15              		.text
  16              	.Ltext0:
  17              		.cfi_sections	.debug_frame
  18              		.section	.text.NMI_Handler,"ax",%progbits
  19              		.align	1
  20              		.p2align 2,,3
  21              		.global	NMI_Handler
  22              		.syntax unified
  23              		.thumb
  24              		.thumb_func
  26              	NMI_Handler:
  27              	.LFB144:
  28              		.file 1 "Core/Src/stm32h7xx_it.c"
   1:Core/Src/stm32h7xx_it.c **** /* USER CODE BEGIN Header */
   2:Core/Src/stm32h7xx_it.c **** /**
   3:Core/Src/stm32h7xx_it.c ****   ******************************************************************************
   4:Core/Src/stm32h7xx_it.c ****   * @file    stm32h7xx_it.c
   5:Core/Src/stm32h7xx_it.c ****   * @brief   Interrupt Service Routines.
   6:Core/Src/stm32h7xx_it.c ****   ******************************************************************************
   7:Core/Src/stm32h7xx_it.c ****   * @attention
   8:Core/Src/stm32h7xx_it.c ****   *
   9:Core/Src/stm32h7xx_it.c ****   * Copyright (c) 2022 STMicroelectronics.
  10:Core/Src/stm32h7xx_it.c ****   * All rights reserved.
  11:Core/Src/stm32h7xx_it.c ****   *
  12:Core/Src/stm32h7xx_it.c ****   * This software is licensed under terms that can be found in the LICENSE file
  13:Core/Src/stm32h7xx_it.c ****   * in the root directory of this software component.
  14:Core/Src/stm32h7xx_it.c ****   * If no LICENSE file comes with this software, it is provided AS-IS.
  15:Core/Src/stm32h7xx_it.c ****   *
  16:Core/Src/stm32h7xx_it.c ****   ******************************************************************************
  17:Core/Src/stm32h7xx_it.c ****   */
  18:Core/Src/stm32h7xx_it.c **** /* USER CODE END Header */
  19:Core/Src/stm32h7xx_it.c **** 
  20:Core/Src/stm32h7xx_it.c **** /* Includes ------------------------------------------------------------------*/
  21:Core/Src/stm32h7xx_it.c **** #include "main.h"
  22:Core/Src/stm32h7xx_it.c **** #include "stm32h7xx_it.h"
  23:Core/Src/stm32h7xx_it.c **** /* Private includes ----------------------------------------------------------*/
  24:Core/Src/stm32h7xx_it.c **** /* USER CODE BEGIN Includes */
  25:Core/Src/stm32h7xx_it.c **** /* USER CODE END Includes */
  26:Core/Src/stm32h7xx_it.c **** 
  27:Core/Src/stm32h7xx_it.c **** /* Private typedef -----------------------------------------------------------*/
  28:Core/Src/stm32h7xx_it.c **** /* USER CODE BEGIN TD */
  29:Core/Src/stm32h7xx_it.c **** 
  30:Core/Src/stm32h7xx_it.c **** /* USER CODE END TD */
ARM GAS  C:\Users\Simon\AppData\Local\Temp\ccSSDe7H.s 			page 2


  31:Core/Src/stm32h7xx_it.c **** 
  32:Core/Src/stm32h7xx_it.c **** /* Private define ------------------------------------------------------------*/
  33:Core/Src/stm32h7xx_it.c **** /* USER CODE BEGIN PD */
  34:Core/Src/stm32h7xx_it.c **** 
  35:Core/Src/stm32h7xx_it.c **** /* USER CODE END PD */
  36:Core/Src/stm32h7xx_it.c **** 
  37:Core/Src/stm32h7xx_it.c **** /* Private macro -------------------------------------------------------------*/
  38:Core/Src/stm32h7xx_it.c **** /* USER CODE BEGIN PM */
  39:Core/Src/stm32h7xx_it.c **** 
  40:Core/Src/stm32h7xx_it.c **** /* USER CODE END PM */
  41:Core/Src/stm32h7xx_it.c **** 
  42:Core/Src/stm32h7xx_it.c **** /* Private variables ---------------------------------------------------------*/
  43:Core/Src/stm32h7xx_it.c **** /* USER CODE BEGIN PV */
  44:Core/Src/stm32h7xx_it.c **** 
  45:Core/Src/stm32h7xx_it.c **** /* USER CODE END PV */
  46:Core/Src/stm32h7xx_it.c **** 
  47:Core/Src/stm32h7xx_it.c **** /* Private function prototypes -----------------------------------------------*/
  48:Core/Src/stm32h7xx_it.c **** /* USER CODE BEGIN PFP */
  49:Core/Src/stm32h7xx_it.c **** 
  50:Core/Src/stm32h7xx_it.c **** /* USER CODE END PFP */
  51:Core/Src/stm32h7xx_it.c **** 
  52:Core/Src/stm32h7xx_it.c **** /* Private user code ---------------------------------------------------------*/
  53:Core/Src/stm32h7xx_it.c **** /* USER CODE BEGIN 0 */
  54:Core/Src/stm32h7xx_it.c **** 
  55:Core/Src/stm32h7xx_it.c **** /* USER CODE END 0 */
  56:Core/Src/stm32h7xx_it.c **** 
  57:Core/Src/stm32h7xx_it.c **** /* External variables --------------------------------------------------------*/
  58:Core/Src/stm32h7xx_it.c **** extern TIM_HandleTypeDef htim1;
  59:Core/Src/stm32h7xx_it.c **** 
  60:Core/Src/stm32h7xx_it.c **** /* USER CODE BEGIN EV */
  61:Core/Src/stm32h7xx_it.c **** 
  62:Core/Src/stm32h7xx_it.c **** /* USER CODE END EV */
  63:Core/Src/stm32h7xx_it.c **** 
  64:Core/Src/stm32h7xx_it.c **** /******************************************************************************/
  65:Core/Src/stm32h7xx_it.c **** /*           Cortex Processor Interruption and Exception Handlers          */
  66:Core/Src/stm32h7xx_it.c **** /******************************************************************************/
  67:Core/Src/stm32h7xx_it.c **** /**
  68:Core/Src/stm32h7xx_it.c ****   * @brief This function handles Non maskable interrupt.
  69:Core/Src/stm32h7xx_it.c ****   */
  70:Core/Src/stm32h7xx_it.c **** void NMI_Handler(void)
  71:Core/Src/stm32h7xx_it.c **** {
  29              		.loc 1 71 1 view -0
  30              		.cfi_startproc
  31              		@ Volatile: function does not return.
  32              		@ args = 0, pretend = 0, frame = 0
  33              		@ frame_needed = 0, uses_anonymous_args = 0
  34              		@ link register save eliminated.
  35              	.L2:
  72:Core/Src/stm32h7xx_it.c ****   /* USER CODE BEGIN NonMaskableInt_IRQn 0 */
  73:Core/Src/stm32h7xx_it.c **** 
  74:Core/Src/stm32h7xx_it.c ****   /* USER CODE END NonMaskableInt_IRQn 0 */
  75:Core/Src/stm32h7xx_it.c ****   /* USER CODE BEGIN NonMaskableInt_IRQn 1 */
  76:Core/Src/stm32h7xx_it.c ****   while (1)
  36              		.loc 1 76 3 discriminator 1 view .LVU1
  77:Core/Src/stm32h7xx_it.c ****   {
  78:Core/Src/stm32h7xx_it.c ****   }
  37              		.loc 1 78 3 discriminator 1 view .LVU2
ARM GAS  C:\Users\Simon\AppData\Local\Temp\ccSSDe7H.s 			page 3


  76:Core/Src/stm32h7xx_it.c ****   {
  38              		.loc 1 76 9 discriminator 1 view .LVU3
  39 0000 FEE7     		b	.L2
  40              		.cfi_endproc
  41              	.LFE144:
  43 0002 00BF     		.section	.text.HardFault_Handler,"ax",%progbits
  44              		.align	1
  45              		.p2align 2,,3
  46              		.global	HardFault_Handler
  47              		.syntax unified
  48              		.thumb
  49              		.thumb_func
  51              	HardFault_Handler:
  52              	.LFB145:
  79:Core/Src/stm32h7xx_it.c ****   /* USER CODE END NonMaskableInt_IRQn 1 */
  80:Core/Src/stm32h7xx_it.c **** }
  81:Core/Src/stm32h7xx_it.c **** 
  82:Core/Src/stm32h7xx_it.c **** /**
  83:Core/Src/stm32h7xx_it.c ****   * @brief This function handles Hard fault interrupt.
  84:Core/Src/stm32h7xx_it.c ****   */
  85:Core/Src/stm32h7xx_it.c **** void HardFault_Handler(void)
  86:Core/Src/stm32h7xx_it.c **** {
  53              		.loc 1 86 1 view -0
  54              		.cfi_startproc
  55              		@ Volatile: function does not return.
  56              		@ args = 0, pretend = 0, frame = 0
  57              		@ frame_needed = 0, uses_anonymous_args = 0
  58              		@ link register save eliminated.
  59              	.L5:
  87:Core/Src/stm32h7xx_it.c ****   /* USER CODE BEGIN HardFault_IRQn 0 */
  88:Core/Src/stm32h7xx_it.c **** 
  89:Core/Src/stm32h7xx_it.c ****   /* USER CODE END HardFault_IRQn 0 */
  90:Core/Src/stm32h7xx_it.c ****   while (1)
  60              		.loc 1 90 3 discriminator 1 view .LVU5
  91:Core/Src/stm32h7xx_it.c ****   {
  92:Core/Src/stm32h7xx_it.c ****     /* USER CODE BEGIN W1_HardFault_IRQn 0 */
  93:Core/Src/stm32h7xx_it.c ****     /* USER CODE END W1_HardFault_IRQn 0 */
  94:Core/Src/stm32h7xx_it.c ****   }
  61              		.loc 1 94 3 discriminator 1 view .LVU6
  90:Core/Src/stm32h7xx_it.c ****   {
  62              		.loc 1 90 9 discriminator 1 view .LVU7
  63 0000 FEE7     		b	.L5
  64              		.cfi_endproc
  65              	.LFE145:
  67 0002 00BF     		.section	.text.MemManage_Handler,"ax",%progbits
  68              		.align	1
  69              		.p2align 2,,3
  70              		.global	MemManage_Handler
  71              		.syntax unified
  72              		.thumb
  73              		.thumb_func
  75              	MemManage_Handler:
  76              	.LFB146:
  95:Core/Src/stm32h7xx_it.c **** }
  96:Core/Src/stm32h7xx_it.c **** 
  97:Core/Src/stm32h7xx_it.c **** /**
  98:Core/Src/stm32h7xx_it.c ****   * @brief This function handles Memory management fault.
ARM GAS  C:\Users\Simon\AppData\Local\Temp\ccSSDe7H.s 			page 4


  99:Core/Src/stm32h7xx_it.c ****   */
 100:Core/Src/stm32h7xx_it.c **** void MemManage_Handler(void)
 101:Core/Src/stm32h7xx_it.c **** {
  77              		.loc 1 101 1 view -0
  78              		.cfi_startproc
  79              		@ Volatile: function does not return.
  80              		@ args = 0, pretend = 0, frame = 0
  81              		@ frame_needed = 0, uses_anonymous_args = 0
  82              		@ link register save eliminated.
  83              	.L7:
 102:Core/Src/stm32h7xx_it.c ****   /* USER CODE BEGIN MemoryManagement_IRQn 0 */
 103:Core/Src/stm32h7xx_it.c **** 
 104:Core/Src/stm32h7xx_it.c ****   /* USER CODE END MemoryManagement_IRQn 0 */
 105:Core/Src/stm32h7xx_it.c ****   while (1)
  84              		.loc 1 105 3 discriminator 1 view .LVU9
 106:Core/Src/stm32h7xx_it.c ****   {
 107:Core/Src/stm32h7xx_it.c ****     /* USER CODE BEGIN W1_MemoryManagement_IRQn 0 */
 108:Core/Src/stm32h7xx_it.c ****     /* USER CODE END W1_MemoryManagement_IRQn 0 */
 109:Core/Src/stm32h7xx_it.c ****   }
  85              		.loc 1 109 3 discriminator 1 view .LVU10
 105:Core/Src/stm32h7xx_it.c ****   {
  86              		.loc 1 105 9 discriminator 1 view .LVU11
  87 0000 FEE7     		b	.L7
  88              		.cfi_endproc
  89              	.LFE146:
  91 0002 00BF     		.section	.text.BusFault_Handler,"ax",%progbits
  92              		.align	1
  93              		.p2align 2,,3
  94              		.global	BusFault_Handler
  95              		.syntax unified
  96              		.thumb
  97              		.thumb_func
  99              	BusFault_Handler:
 100              	.LFB147:
 110:Core/Src/stm32h7xx_it.c **** }
 111:Core/Src/stm32h7xx_it.c **** 
 112:Core/Src/stm32h7xx_it.c **** /**
 113:Core/Src/stm32h7xx_it.c ****   * @brief This function handles Pre-fetch fault, memory access fault.
 114:Core/Src/stm32h7xx_it.c ****   */
 115:Core/Src/stm32h7xx_it.c **** void BusFault_Handler(void)
 116:Core/Src/stm32h7xx_it.c **** {
 101              		.loc 1 116 1 view -0
 102              		.cfi_startproc
 103              		@ Volatile: function does not return.
 104              		@ args = 0, pretend = 0, frame = 0
 105              		@ frame_needed = 0, uses_anonymous_args = 0
 106              		@ link register save eliminated.
 107              	.L9:
 117:Core/Src/stm32h7xx_it.c ****   /* USER CODE BEGIN BusFault_IRQn 0 */
 118:Core/Src/stm32h7xx_it.c **** 
 119:Core/Src/stm32h7xx_it.c ****   /* USER CODE END BusFault_IRQn 0 */
 120:Core/Src/stm32h7xx_it.c ****   while (1)
 108              		.loc 1 120 3 discriminator 1 view .LVU13
 121:Core/Src/stm32h7xx_it.c ****   {
 122:Core/Src/stm32h7xx_it.c ****     /* USER CODE BEGIN W1_BusFault_IRQn 0 */
 123:Core/Src/stm32h7xx_it.c ****     /* USER CODE END W1_BusFault_IRQn 0 */
 124:Core/Src/stm32h7xx_it.c ****   }
ARM GAS  C:\Users\Simon\AppData\Local\Temp\ccSSDe7H.s 			page 5


 109              		.loc 1 124 3 discriminator 1 view .LVU14
 120:Core/Src/stm32h7xx_it.c ****   {
 110              		.loc 1 120 9 discriminator 1 view .LVU15
 111 0000 FEE7     		b	.L9
 112              		.cfi_endproc
 113              	.LFE147:
 115 0002 00BF     		.section	.text.UsageFault_Handler,"ax",%progbits
 116              		.align	1
 117              		.p2align 2,,3
 118              		.global	UsageFault_Handler
 119              		.syntax unified
 120              		.thumb
 121              		.thumb_func
 123              	UsageFault_Handler:
 124              	.LFB148:
 125:Core/Src/stm32h7xx_it.c **** }
 126:Core/Src/stm32h7xx_it.c **** 
 127:Core/Src/stm32h7xx_it.c **** /**
 128:Core/Src/stm32h7xx_it.c ****   * @brief This function handles Undefined instruction or illegal state.
 129:Core/Src/stm32h7xx_it.c ****   */
 130:Core/Src/stm32h7xx_it.c **** void UsageFault_Handler(void)
 131:Core/Src/stm32h7xx_it.c **** {
 125              		.loc 1 131 1 view -0
 126              		.cfi_startproc
 127              		@ Volatile: function does not return.
 128              		@ args = 0, pretend = 0, frame = 0
 129              		@ frame_needed = 0, uses_anonymous_args = 0
 130              		@ link register save eliminated.
 131              	.L11:
 132:Core/Src/stm32h7xx_it.c ****   /* USER CODE BEGIN UsageFault_IRQn 0 */
 133:Core/Src/stm32h7xx_it.c **** 
 134:Core/Src/stm32h7xx_it.c ****   /* USER CODE END UsageFault_IRQn 0 */
 135:Core/Src/stm32h7xx_it.c ****   while (1)
 132              		.loc 1 135 3 discriminator 1 view .LVU17
 136:Core/Src/stm32h7xx_it.c ****   {
 137:Core/Src/stm32h7xx_it.c ****     /* USER CODE BEGIN W1_UsageFault_IRQn 0 */
 138:Core/Src/stm32h7xx_it.c ****     /* USER CODE END W1_UsageFault_IRQn 0 */
 139:Core/Src/stm32h7xx_it.c ****   }
 133              		.loc 1 139 3 discriminator 1 view .LVU18
 135:Core/Src/stm32h7xx_it.c ****   {
 134              		.loc 1 135 9 discriminator 1 view .LVU19
 135 0000 FEE7     		b	.L11
 136              		.cfi_endproc
 137              	.LFE148:
 139 0002 00BF     		.section	.text.DebugMon_Handler,"ax",%progbits
 140              		.align	1
 141              		.p2align 2,,3
 142              		.global	DebugMon_Handler
 143              		.syntax unified
 144              		.thumb
 145              		.thumb_func
 147              	DebugMon_Handler:
 148              	.LFB149:
 140:Core/Src/stm32h7xx_it.c **** }
 141:Core/Src/stm32h7xx_it.c **** 
 142:Core/Src/stm32h7xx_it.c **** /**
 143:Core/Src/stm32h7xx_it.c ****   * @brief This function handles Debug monitor.
ARM GAS  C:\Users\Simon\AppData\Local\Temp\ccSSDe7H.s 			page 6


 144:Core/Src/stm32h7xx_it.c ****   */
 145:Core/Src/stm32h7xx_it.c **** void DebugMon_Handler(void)
 146:Core/Src/stm32h7xx_it.c **** {
 149              		.loc 1 146 1 view -0
 150              		.cfi_startproc
 151              		@ args = 0, pretend = 0, frame = 0
 152              		@ frame_needed = 0, uses_anonymous_args = 0
 153              		@ link register save eliminated.
 147:Core/Src/stm32h7xx_it.c ****   /* USER CODE BEGIN DebugMonitor_IRQn 0 */
 148:Core/Src/stm32h7xx_it.c **** 
 149:Core/Src/stm32h7xx_it.c ****   /* USER CODE END DebugMonitor_IRQn 0 */
 150:Core/Src/stm32h7xx_it.c ****   /* USER CODE BEGIN DebugMonitor_IRQn 1 */
 151:Core/Src/stm32h7xx_it.c **** 
 152:Core/Src/stm32h7xx_it.c ****   /* USER CODE END DebugMonitor_IRQn 1 */
 153:Core/Src/stm32h7xx_it.c **** }
 154              		.loc 1 153 1 view .LVU21
 155 0000 7047     		bx	lr
 156              		.cfi_endproc
 157              	.LFE149:
 159 0002 00BF     		.section	.text.TIM1_UP_IRQHandler,"ax",%progbits
 160              		.align	1
 161              		.p2align 2,,3
 162              		.global	TIM1_UP_IRQHandler
 163              		.syntax unified
 164              		.thumb
 165              		.thumb_func
 167              	TIM1_UP_IRQHandler:
 168              	.LFB150:
 154:Core/Src/stm32h7xx_it.c **** 
 155:Core/Src/stm32h7xx_it.c **** /******************************************************************************/
 156:Core/Src/stm32h7xx_it.c **** /* STM32H7xx Peripheral Interrupt Handlers                                    */
 157:Core/Src/stm32h7xx_it.c **** /* Add here the Interrupt Handlers for the used peripherals.                  */
 158:Core/Src/stm32h7xx_it.c **** /* For the available peripheral interrupt handler names,                      */
 159:Core/Src/stm32h7xx_it.c **** /* please refer to the startup file (startup_stm32h7xx.s).                    */
 160:Core/Src/stm32h7xx_it.c **** /******************************************************************************/
 161:Core/Src/stm32h7xx_it.c **** 
 162:Core/Src/stm32h7xx_it.c **** /**
 163:Core/Src/stm32h7xx_it.c ****   * @brief This function handles TIM1 update interrupt.
 164:Core/Src/stm32h7xx_it.c ****   */
 165:Core/Src/stm32h7xx_it.c **** void TIM1_UP_IRQHandler(void)
 166:Core/Src/stm32h7xx_it.c **** {
 169              		.loc 1 166 1 view -0
 170              		.cfi_startproc
 171              		@ args = 0, pretend = 0, frame = 0
 172              		@ frame_needed = 0, uses_anonymous_args = 0
 173              		@ link register save eliminated.
 167:Core/Src/stm32h7xx_it.c ****   /* USER CODE BEGIN TIM1_UP_IRQn 0 */
 168:Core/Src/stm32h7xx_it.c **** 
 169:Core/Src/stm32h7xx_it.c ****   /* USER CODE END TIM1_UP_IRQn 0 */
 170:Core/Src/stm32h7xx_it.c ****   HAL_TIM_IRQHandler(&htim1);
 174              		.loc 1 170 3 view .LVU23
 175 0000 0148     		ldr	r0, .L14
 176 0002 FFF7FEBF 		b	HAL_TIM_IRQHandler
 177              	.LVL0:
 178              	.L15:
 179 0006 00BF     		.align	2
 180              	.L14:
ARM GAS  C:\Users\Simon\AppData\Local\Temp\ccSSDe7H.s 			page 7


 181 0008 00000000 		.word	htim1
 182              		.cfi_endproc
 183              	.LFE150:
 185              		.text
 186              	.Letext0:
 187              		.file 2 "c:\\program files (x86)\\arm gnu toolchain arm-none-eabi\\11.2 2022.02\\arm-none-eabi\\in
 188              		.file 3 "c:\\program files (x86)\\arm gnu toolchain arm-none-eabi\\11.2 2022.02\\arm-none-eabi\\in
 189              		.file 4 "Drivers/CMSIS/Device/ST/STM32H7xx/Include/stm32h743xx.h"
 190              		.file 5 "Drivers/STM32H7xx_HAL_Driver/Inc/stm32h7xx_hal_def.h"
 191              		.file 6 "Drivers/STM32H7xx_HAL_Driver/Inc/stm32h7xx_hal_dma.h"
 192              		.file 7 "Drivers/STM32H7xx_HAL_Driver/Inc/stm32h7xx_hal_tim.h"
ARM GAS  C:\Users\Simon\AppData\Local\Temp\ccSSDe7H.s 			page 8


DEFINED SYMBOLS
                            *ABS*:00000000 stm32h7xx_it.c
C:\Users\Simon\AppData\Local\Temp\ccSSDe7H.s:19     .text.NMI_Handler:00000000 $t
C:\Users\Simon\AppData\Local\Temp\ccSSDe7H.s:26     .text.NMI_Handler:00000000 NMI_Handler
C:\Users\Simon\AppData\Local\Temp\ccSSDe7H.s:44     .text.HardFault_Handler:00000000 $t
C:\Users\Simon\AppData\Local\Temp\ccSSDe7H.s:51     .text.HardFault_Handler:00000000 HardFault_Handler
C:\Users\Simon\AppData\Local\Temp\ccSSDe7H.s:68     .text.MemManage_Handler:00000000 $t
C:\Users\Simon\AppData\Local\Temp\ccSSDe7H.s:75     .text.MemManage_Handler:00000000 MemManage_Handler
C:\Users\Simon\AppData\Local\Temp\ccSSDe7H.s:92     .text.BusFault_Handler:00000000 $t
C:\Users\Simon\AppData\Local\Temp\ccSSDe7H.s:99     .text.BusFault_Handler:00000000 BusFault_Handler
C:\Users\Simon\AppData\Local\Temp\ccSSDe7H.s:116    .text.UsageFault_Handler:00000000 $t
C:\Users\Simon\AppData\Local\Temp\ccSSDe7H.s:123    .text.UsageFault_Handler:00000000 UsageFault_Handler
C:\Users\Simon\AppData\Local\Temp\ccSSDe7H.s:140    .text.DebugMon_Handler:00000000 $t
C:\Users\Simon\AppData\Local\Temp\ccSSDe7H.s:147    .text.DebugMon_Handler:00000000 DebugMon_Handler
C:\Users\Simon\AppData\Local\Temp\ccSSDe7H.s:160    .text.TIM1_UP_IRQHandler:00000000 $t
C:\Users\Simon\AppData\Local\Temp\ccSSDe7H.s:167    .text.TIM1_UP_IRQHandler:00000000 TIM1_UP_IRQHandler
C:\Users\Simon\AppData\Local\Temp\ccSSDe7H.s:181    .text.TIM1_UP_IRQHandler:00000008 $d

UNDEFINED SYMBOLS
HAL_TIM_IRQHandler
htim1
