ARM GAS  C:\Users\Simon\AppData\Local\Temp\ccs3CqOr.s 			page 1


   1              		.cpu cortex-m7
   2              		.arch armv7e-m
   3              		.fpu fpv5-d16
   4              		.eabi_attribute 28, 1
   5              		.eabi_attribute 20, 1
   6              		.eabi_attribute 21, 1
   7              		.eabi_attribute 23, 3
   8              		.eabi_attribute 24, 1
   9              		.eabi_attribute 25, 1
  10              		.eabi_attribute 26, 1
  11              		.eabi_attribute 30, 2
  12              		.eabi_attribute 34, 1
  13              		.eabi_attribute 18, 4
  14              		.file	"stm32h7xx_hal_msp.c"
  15              		.text
  16              	.Ltext0:
  17              		.cfi_sections	.debug_frame
  18              		.section	.text.HAL_MspInit,"ax",%progbits
  19              		.align	1
  20              		.p2align 2,,3
  21              		.global	HAL_MspInit
  22              		.syntax unified
  23              		.thumb
  24              		.thumb_func
  26              	HAL_MspInit:
  27              	.LFB144:
  28              		.file 1 "Core/Src/stm32h7xx_hal_msp.c"
   1:Core/Src/stm32h7xx_hal_msp.c **** /* USER CODE BEGIN Header */
   2:Core/Src/stm32h7xx_hal_msp.c **** /**
   3:Core/Src/stm32h7xx_hal_msp.c ****   ******************************************************************************
   4:Core/Src/stm32h7xx_hal_msp.c ****   * @file         stm32h7xx_hal_msp.c
   5:Core/Src/stm32h7xx_hal_msp.c ****   * @brief        This file provides code for the MSP Initialization
   6:Core/Src/stm32h7xx_hal_msp.c ****   *               and de-Initialization codes.
   7:Core/Src/stm32h7xx_hal_msp.c ****   ******************************************************************************
   8:Core/Src/stm32h7xx_hal_msp.c ****   * @attention
   9:Core/Src/stm32h7xx_hal_msp.c ****   *
  10:Core/Src/stm32h7xx_hal_msp.c ****   * Copyright (c) 2022 STMicroelectronics.
  11:Core/Src/stm32h7xx_hal_msp.c ****   * All rights reserved.
  12:Core/Src/stm32h7xx_hal_msp.c ****   *
  13:Core/Src/stm32h7xx_hal_msp.c ****   * This software is licensed under terms that can be found in the LICENSE file
  14:Core/Src/stm32h7xx_hal_msp.c ****   * in the root directory of this software component.
  15:Core/Src/stm32h7xx_hal_msp.c ****   * If no LICENSE file comes with this software, it is provided AS-IS.
  16:Core/Src/stm32h7xx_hal_msp.c ****   *
  17:Core/Src/stm32h7xx_hal_msp.c ****   ******************************************************************************
  18:Core/Src/stm32h7xx_hal_msp.c ****   */
  19:Core/Src/stm32h7xx_hal_msp.c **** /* USER CODE END Header */
  20:Core/Src/stm32h7xx_hal_msp.c **** 
  21:Core/Src/stm32h7xx_hal_msp.c **** /* Includes ------------------------------------------------------------------*/
  22:Core/Src/stm32h7xx_hal_msp.c **** #include "main.h"
  23:Core/Src/stm32h7xx_hal_msp.c **** /* USER CODE BEGIN Includes */
  24:Core/Src/stm32h7xx_hal_msp.c **** 
  25:Core/Src/stm32h7xx_hal_msp.c **** /* USER CODE END Includes */
  26:Core/Src/stm32h7xx_hal_msp.c **** 
  27:Core/Src/stm32h7xx_hal_msp.c **** /* Private typedef -----------------------------------------------------------*/
  28:Core/Src/stm32h7xx_hal_msp.c **** /* USER CODE BEGIN TD */
  29:Core/Src/stm32h7xx_hal_msp.c **** 
  30:Core/Src/stm32h7xx_hal_msp.c **** /* USER CODE END TD */
ARM GAS  C:\Users\Simon\AppData\Local\Temp\ccs3CqOr.s 			page 2


  31:Core/Src/stm32h7xx_hal_msp.c **** 
  32:Core/Src/stm32h7xx_hal_msp.c **** /* Private define ------------------------------------------------------------*/
  33:Core/Src/stm32h7xx_hal_msp.c **** /* USER CODE BEGIN Define */
  34:Core/Src/stm32h7xx_hal_msp.c **** 
  35:Core/Src/stm32h7xx_hal_msp.c **** /* USER CODE END Define */
  36:Core/Src/stm32h7xx_hal_msp.c **** 
  37:Core/Src/stm32h7xx_hal_msp.c **** /* Private macro -------------------------------------------------------------*/
  38:Core/Src/stm32h7xx_hal_msp.c **** /* USER CODE BEGIN Macro */
  39:Core/Src/stm32h7xx_hal_msp.c **** 
  40:Core/Src/stm32h7xx_hal_msp.c **** /* USER CODE END Macro */
  41:Core/Src/stm32h7xx_hal_msp.c **** 
  42:Core/Src/stm32h7xx_hal_msp.c **** /* Private variables ---------------------------------------------------------*/
  43:Core/Src/stm32h7xx_hal_msp.c **** /* USER CODE BEGIN PV */
  44:Core/Src/stm32h7xx_hal_msp.c **** 
  45:Core/Src/stm32h7xx_hal_msp.c **** /* USER CODE END PV */
  46:Core/Src/stm32h7xx_hal_msp.c **** 
  47:Core/Src/stm32h7xx_hal_msp.c **** /* Private function prototypes -----------------------------------------------*/
  48:Core/Src/stm32h7xx_hal_msp.c **** /* USER CODE BEGIN PFP */
  49:Core/Src/stm32h7xx_hal_msp.c **** 
  50:Core/Src/stm32h7xx_hal_msp.c **** /* USER CODE END PFP */
  51:Core/Src/stm32h7xx_hal_msp.c **** 
  52:Core/Src/stm32h7xx_hal_msp.c **** /* External functions --------------------------------------------------------*/
  53:Core/Src/stm32h7xx_hal_msp.c **** /* USER CODE BEGIN ExternalFunctions */
  54:Core/Src/stm32h7xx_hal_msp.c **** 
  55:Core/Src/stm32h7xx_hal_msp.c **** /* USER CODE END ExternalFunctions */
  56:Core/Src/stm32h7xx_hal_msp.c **** 
  57:Core/Src/stm32h7xx_hal_msp.c **** /* USER CODE BEGIN 0 */
  58:Core/Src/stm32h7xx_hal_msp.c **** 
  59:Core/Src/stm32h7xx_hal_msp.c **** /* USER CODE END 0 */
  60:Core/Src/stm32h7xx_hal_msp.c **** /**
  61:Core/Src/stm32h7xx_hal_msp.c ****   * Initializes the Global MSP.
  62:Core/Src/stm32h7xx_hal_msp.c ****   */
  63:Core/Src/stm32h7xx_hal_msp.c **** void HAL_MspInit(void)
  64:Core/Src/stm32h7xx_hal_msp.c **** {
  29              		.loc 1 64 1 view -0
  30              		.cfi_startproc
  31              		@ args = 0, pretend = 0, frame = 8
  32              		@ frame_needed = 0, uses_anonymous_args = 0
  33              		@ link register save eliminated.
  65:Core/Src/stm32h7xx_hal_msp.c ****   /* USER CODE BEGIN MspInit 0 */
  66:Core/Src/stm32h7xx_hal_msp.c **** 
  67:Core/Src/stm32h7xx_hal_msp.c ****   /* USER CODE END MspInit 0 */
  68:Core/Src/stm32h7xx_hal_msp.c **** 
  69:Core/Src/stm32h7xx_hal_msp.c ****   __HAL_RCC_SYSCFG_CLK_ENABLE();
  34              		.loc 1 69 3 view .LVU1
  35              	.LBB2:
  36              		.loc 1 69 3 view .LVU2
  37              		.loc 1 69 3 view .LVU3
  38 0000 0B4B     		ldr	r3, .L4
  39              	.LBE2:
  70:Core/Src/stm32h7xx_hal_msp.c **** 
  71:Core/Src/stm32h7xx_hal_msp.c ****   /* System interrupt init*/
  72:Core/Src/stm32h7xx_hal_msp.c ****   /* PendSV_IRQn interrupt configuration */
  73:Core/Src/stm32h7xx_hal_msp.c ****   HAL_NVIC_SetPriority(PendSV_IRQn, 15, 0);
  40              		.loc 1 73 3 is_stmt 0 view .LVU4
  41 0002 0022     		movs	r2, #0
  42 0004 0F21     		movs	r1, #15
ARM GAS  C:\Users\Simon\AppData\Local\Temp\ccs3CqOr.s 			page 3


  43 0006 6FF00100 		mvn	r0, #1
  64:Core/Src/stm32h7xx_hal_msp.c ****   /* USER CODE BEGIN MspInit 0 */
  44              		.loc 1 64 1 view .LVU5
  45 000a 10B4     		push	{r4}
  46              	.LCFI0:
  47              		.cfi_def_cfa_offset 4
  48              		.cfi_offset 4, -4
  49              	.LBB3:
  69:Core/Src/stm32h7xx_hal_msp.c **** 
  50              		.loc 1 69 3 view .LVU6
  51 000c D3F8F440 		ldr	r4, [r3, #244]
  52              	.LBE3:
  64:Core/Src/stm32h7xx_hal_msp.c ****   /* USER CODE BEGIN MspInit 0 */
  53              		.loc 1 64 1 view .LVU7
  54 0010 83B0     		sub	sp, sp, #12
  55              	.LCFI1:
  56              		.cfi_def_cfa_offset 16
  57              	.LBB4:
  69:Core/Src/stm32h7xx_hal_msp.c **** 
  58              		.loc 1 69 3 view .LVU8
  59 0012 44F00204 		orr	r4, r4, #2
  60 0016 C3F8F440 		str	r4, [r3, #244]
  69:Core/Src/stm32h7xx_hal_msp.c **** 
  61              		.loc 1 69 3 is_stmt 1 view .LVU9
  62 001a D3F8F430 		ldr	r3, [r3, #244]
  63 001e 03F00203 		and	r3, r3, #2
  64 0022 0193     		str	r3, [sp, #4]
  69:Core/Src/stm32h7xx_hal_msp.c **** 
  65              		.loc 1 69 3 view .LVU10
  66 0024 019B     		ldr	r3, [sp, #4]
  67              	.LBE4:
  69:Core/Src/stm32h7xx_hal_msp.c **** 
  68              		.loc 1 69 3 view .LVU11
  69              		.loc 1 73 3 view .LVU12
  74:Core/Src/stm32h7xx_hal_msp.c **** 
  75:Core/Src/stm32h7xx_hal_msp.c ****   /* USER CODE BEGIN MspInit 1 */
  76:Core/Src/stm32h7xx_hal_msp.c **** 
  77:Core/Src/stm32h7xx_hal_msp.c ****   /* USER CODE END MspInit 1 */
  78:Core/Src/stm32h7xx_hal_msp.c **** }
  70              		.loc 1 78 1 is_stmt 0 view .LVU13
  71 0026 03B0     		add	sp, sp, #12
  72              	.LCFI2:
  73              		.cfi_def_cfa_offset 4
  74              		@ sp needed
  75 0028 5DF8044B 		ldr	r4, [sp], #4
  76              	.LCFI3:
  77              		.cfi_restore 4
  78              		.cfi_def_cfa_offset 0
  73:Core/Src/stm32h7xx_hal_msp.c **** 
  79              		.loc 1 73 3 view .LVU14
  80 002c FFF7FEBF 		b	HAL_NVIC_SetPriority
  81              	.LVL0:
  82              	.L5:
  83              		.align	2
  84              	.L4:
  85 0030 00440258 		.word	1476543488
  86              		.cfi_endproc
ARM GAS  C:\Users\Simon\AppData\Local\Temp\ccs3CqOr.s 			page 4


  87              	.LFE144:
  89              		.text
  90              	.Letext0:
  91              		.file 2 "Drivers/CMSIS/Device/ST/STM32H7xx/Include/stm32h743xx.h"
  92              		.file 3 "c:\\program files (x86)\\arm gnu toolchain arm-none-eabi\\11.2 2022.02\\arm-none-eabi\\in
  93              		.file 4 "c:\\program files (x86)\\arm gnu toolchain arm-none-eabi\\11.2 2022.02\\arm-none-eabi\\in
  94              		.file 5 "Drivers/STM32H7xx_HAL_Driver/Inc/stm32h7xx_hal_cortex.h"
ARM GAS  C:\Users\Simon\AppData\Local\Temp\ccs3CqOr.s 			page 5


DEFINED SYMBOLS
                            *ABS*:00000000 stm32h7xx_hal_msp.c
C:\Users\Simon\AppData\Local\Temp\ccs3CqOr.s:19     .text.HAL_MspInit:00000000 $t
C:\Users\Simon\AppData\Local\Temp\ccs3CqOr.s:26     .text.HAL_MspInit:00000000 HAL_MspInit
C:\Users\Simon\AppData\Local\Temp\ccs3CqOr.s:85     .text.HAL_MspInit:00000030 $d

UNDEFINED SYMBOLS
HAL_NVIC_SetPriority
